{"/Users/eureyuri/Desktop/School/Columbia/CS/ASE/shiba/webapp/src/App.tsx": {"path":"/Users/eureyuri/Desktop/School/Columbia/CS/ASE/shiba/webapp/src/App.tsx","statementMap":{"0":{"start":{"line":8,"column":15},"end":{"line":23,"column":1}},"1":{"start":{"line":9,"column":2},"end":{"line":22,"column":4}},"2":{"start":{"line":25,"column":16},"end":{"line":54,"column":1}},"3":{"start":{"line":26,"column":18},"end":{"line":26,"column":26}},"4":{"start":{"line":28,"column":2},"end":{"line":53,"column":4}},"5":{"start":{"line":47,"column":25},"end":{"line":47,"column":54}}},"fnMap":{"0":{"name":"(anonymous_0)","decl":{"start":{"line":8,"column":26},"end":{"line":8,"column":27}},"loc":{"start":{"line":9,"column":2},"end":{"line":22,"column":4}},"line":9},"1":{"name":"(anonymous_1)","decl":{"start":{"line":25,"column":16},"end":{"line":25,"column":17}},"loc":{"start":{"line":25,"column":22},"end":{"line":54,"column":1}},"line":25},"2":{"name":"(anonymous_2)","decl":{"start":{"line":47,"column":19},"end":{"line":47,"column":20}},"loc":{"start":{"line":47,"column":25},"end":{"line":47,"column":54}},"line":47}},"branchMap":{},"s":{"0":1,"1":2,"2":1,"3":2,"4":2,"5":1},"f":{"0":2,"1":2,"2":1},"b":{},"_coverageSchema":"1a1c01bbd47fc00a2c39e90264f33305004495a9","hash":"1976abf5c384bb1441b1f9fe032302c51763621c"}
,"/Users/eureyuri/Desktop/School/Columbia/CS/ASE/shiba/webapp/src/common/config.ts": {"path":"/Users/eureyuri/Desktop/School/Columbia/CS/ASE/shiba/webapp/src/common/config.ts","statementMap":{"0":{"start":{"line":2,"column":2},"end":{"line":2,"column":61}}},"fnMap":{},"branchMap":{"0":{"loc":{"start":{"line":2,"column":2},"end":{"line":2,"column":61}},"type":"binary-expr","locations":[{"start":{"line":2,"column":2},"end":{"line":2,"column":34}},{"start":{"line":2,"column":38},"end":{"line":2,"column":61}}],"line":2}},"s":{"0":5},"f":{},"b":{"0":[5,5]},"_coverageSchema":"1a1c01bbd47fc00a2c39e90264f33305004495a9","hash":"716ed7177d688deaca1e06cbd577d72d2d5ed5e2"}
,"/Users/eureyuri/Desktop/School/Columbia/CS/ASE/shiba/webapp/src/common/hooks.ts": {"path":"/Users/eureyuri/Desktop/School/Columbia/CS/ASE/shiba/webapp/src/common/hooks.ts","statementMap":{},"fnMap":{},"branchMap":{},"s":{},"f":{},"b":{}}
,"/Users/eureyuri/Desktop/School/Columbia/CS/ASE/shiba/webapp/src/common/utils.ts": {"path":"/Users/eureyuri/Desktop/School/Columbia/CS/ASE/shiba/webapp/src/common/utils.ts","statementMap":{"0":{"start":{"line":7,"column":23},"end":{"line":7,"column":45}},"1":{"start":{"line":14,"column":16},"end":{"line":14,"column":28}},"2":{"start":{"line":15,"column":2},"end":{"line":17,"column":3}},"3":{"start":{"line":16,"column":4},"end":{"line":16,"column":17}},"4":{"start":{"line":19,"column":19},"end":{"line":19,"column":31}},"5":{"start":{"line":20,"column":2},"end":{"line":20,"column":25}},"6":{"start":{"line":21,"column":2},"end":{"line":21,"column":18}},"7":{"start":{"line":25,"column":31},"end":{"line":25,"column":35}},"8":{"start":{"line":26,"column":2},"end":{"line":32,"column":4}},"9":{"start":{"line":27,"column":4},"end":{"line":29,"column":5}},"10":{"start":{"line":28,"column":6},"end":{"line":28,"column":28}},"11":{"start":{"line":31,"column":4},"end":{"line":31,"column":52}},"12":{"start":{"line":31,"column":38},"end":{"line":31,"column":44}},"13":{"start":{"line":35,"column":21},"end":{"line":36,"column":53}},"14":{"start":{"line":36,"column":2},"end":{"line":36,"column":53}},"15":{"start":{"line":36,"column":27},"end":{"line":36,"column":52}}},"fnMap":{"0":{"name":"getOrCreate","decl":{"start":{"line":9,"column":16},"end":{"line":9,"column":27}},"loc":{"start":{"line":13,"column":5},"end":{"line":22,"column":1}},"line":13},"1":{"name":"createDebouncer","decl":{"start":{"line":24,"column":16},"end":{"line":24,"column":31}},"loc":{"start":{"line":24,"column":74},"end":{"line":33,"column":1}},"line":24},"2":{"name":"(anonymous_2)","decl":{"start":{"line":26,"column":9},"end":{"line":26,"column":10}},"loc":{"start":{"line":26,"column":31},"end":{"line":32,"column":3}},"line":26},"3":{"name":"(anonymous_3)","decl":{"start":{"line":31,"column":32},"end":{"line":31,"column":33}},"loc":{"start":{"line":31,"column":38},"end":{"line":31,"column":44}},"line":31},"4":{"name":"(anonymous_4)","decl":{"start":{"line":35,"column":21},"end":{"line":35,"column":22}},"loc":{"start":{"line":36,"column":2},"end":{"line":36,"column":53}},"line":36},"5":{"name":"(anonymous_5)","decl":{"start":{"line":36,"column":14},"end":{"line":36,"column":15}},"loc":{"start":{"line":36,"column":27},"end":{"line":36,"column":52}},"line":36}},"branchMap":{"0":{"loc":{"start":{"line":15,"column":2},"end":{"line":17,"column":3}},"type":"if","locations":[{"start":{"line":15,"column":2},"end":{"line":17,"column":3}},{"start":{"line":15,"column":2},"end":{"line":17,"column":3}}],"line":15},"1":{"loc":{"start":{"line":27,"column":4},"end":{"line":29,"column":5}},"type":"if","locations":[{"start":{"line":27,"column":4},"end":{"line":29,"column":5}},{"start":{"line":27,"column":4},"end":{"line":29,"column":5}}],"line":27}},"s":{"0":16,"1":131,"2":131,"3":108,"4":23,"5":23,"6":23,"7":2,"8":2,"9":25,"10":23,"11":25,"12":2,"13":16,"14":15,"15":15},"f":{"0":131,"1":2,"2":25,"3":2,"4":15,"5":15},"b":{"0":[108,23],"1":[23,2]},"_coverageSchema":"1a1c01bbd47fc00a2c39e90264f33305004495a9","hash":"dab6266b4b1efa9cf5f70bd6d70f10d00c3f24af"}
,"/Users/eureyuri/Desktop/School/Columbia/CS/ASE/shiba/webapp/src/components/AuthSynchronizer.tsx": {"path":"/Users/eureyuri/Desktop/School/Columbia/CS/ASE/shiba/webapp/src/components/AuthSynchronizer.tsx","statementMap":{"0":{"start":{"line":9,"column":29},"end":{"line":13,"column":2}},"1":{"start":{"line":10,"column":2},"end":{"line":10,"column":42}},"2":{"start":{"line":10,"column":30},"end":{"line":10,"column":42}},"3":{"start":{"line":12,"column":2},"end":{"line":12,"column":59}}},"fnMap":{"0":{"name":"(anonymous_0)","decl":{"start":{"line":9,"column":38},"end":{"line":9,"column":39}},"loc":{"start":{"line":9,"column":49},"end":{"line":13,"column":1}},"line":9}},"branchMap":{"0":{"loc":{"start":{"line":10,"column":2},"end":{"line":10,"column":42}},"type":"if","locations":[{"start":{"line":10,"column":2},"end":{"line":10,"column":42}},{"start":{"line":10,"column":2},"end":{"line":10,"column":42}}],"line":10}},"s":{"0":1,"1":2,"2":1,"3":1},"f":{"0":2},"b":{"0":[1,1]},"_coverageSchema":"1a1c01bbd47fc00a2c39e90264f33305004495a9","hash":"826171159626f1c5f434303ca04a99d0a3271e35"}
,"/Users/eureyuri/Desktop/School/Columbia/CS/ASE/shiba/webapp/src/components/AvatarList.tsx": {"path":"/Users/eureyuri/Desktop/School/Columbia/CS/ASE/shiba/webapp/src/components/AvatarList.tsx","statementMap":{"0":{"start":{"line":18,"column":18},"end":{"line":34,"column":3}},"1":{"start":{"line":18,"column":36},"end":{"line":34,"column":1}},"2":{"start":{"line":36,"column":31},"end":{"line":60,"column":1}},"3":{"start":{"line":37,"column":18},"end":{"line":37,"column":29}},"4":{"start":{"line":39,"column":2},"end":{"line":59,"column":4}},"5":{"start":{"line":42,"column":8},"end":{"line":56,"column":14}},"6":{"start":{"line":51,"column":34},"end":{"line":51,"column":79}}},"fnMap":{"0":{"name":"(anonymous_0)","decl":{"start":{"line":18,"column":29},"end":{"line":18,"column":30}},"loc":{"start":{"line":18,"column":36},"end":{"line":34,"column":1}},"line":18},"1":{"name":"(anonymous_1)","decl":{"start":{"line":36,"column":31},"end":{"line":36,"column":32}},"loc":{"start":{"line":36,"column":42},"end":{"line":60,"column":1}},"line":36},"2":{"name":"(anonymous_2)","decl":{"start":{"line":41,"column":25},"end":{"line":41,"column":26}},"loc":{"start":{"line":42,"column":8},"end":{"line":56,"column":14}},"line":42},"3":{"name":"(anonymous_3)","decl":{"start":{"line":51,"column":23},"end":{"line":51,"column":24}},"loc":{"start":{"line":51,"column":34},"end":{"line":51,"column":79}},"line":51}},"branchMap":{"0":{"loc":{"start":{"line":45,"column":14},"end":{"line":47,"column":27}},"type":"cond-expr","locations":[{"start":{"line":46,"column":16},"end":{"line":46,"column":44}},{"start":{"line":47,"column":18},"end":{"line":47,"column":27}}],"line":45},"1":{"loc":{"start":{"line":51,"column":34},"end":{"line":51,"column":79}},"type":"binary-expr","locations":[{"start":{"line":51,"column":34},"end":{"line":51,"column":47}},{"start":{"line":51,"column":51},"end":{"line":51,"column":79}}],"line":51}},"s":{"0":2,"1":5,"2":2,"3":7,"4":7,"5":8,"6":1},"f":{"0":5,"1":7,"2":8,"3":1},"b":{"0":[0,8],"1":[1,1]},"_coverageSchema":"1a1c01bbd47fc00a2c39e90264f33305004495a9","hash":"eb1dd8b234389a6f75e3fbf5454eea33a7d0fc93"}
,"/Users/eureyuri/Desktop/School/Columbia/CS/ASE/shiba/webapp/src/components/ButtonAdd.tsx": {"path":"/Users/eureyuri/Desktop/School/Columbia/CS/ASE/shiba/webapp/src/components/ButtonAdd.tsx","statementMap":{"0":{"start":{"line":11,"column":18},"end":{"line":15,"column":3}},"1":{"start":{"line":11,"column":36},"end":{"line":15,"column":1}},"2":{"start":{"line":17,"column":30},"end":{"line":28,"column":1}},"3":{"start":{"line":18,"column":18},"end":{"line":18,"column":29}},"4":{"start":{"line":20,"column":2},"end":{"line":27,"column":4}}},"fnMap":{"0":{"name":"(anonymous_0)","decl":{"start":{"line":11,"column":29},"end":{"line":11,"column":30}},"loc":{"start":{"line":11,"column":36},"end":{"line":15,"column":1}},"line":11},"1":{"name":"(anonymous_1)","decl":{"start":{"line":17,"column":30},"end":{"line":17,"column":31}},"loc":{"start":{"line":17,"column":41},"end":{"line":28,"column":1}},"line":17}},"branchMap":{},"s":{"0":2,"1":12,"2":2,"3":33,"4":33},"f":{"0":12,"1":33},"b":{},"_coverageSchema":"1a1c01bbd47fc00a2c39e90264f33305004495a9","hash":"df4f3ffd5eb9495c8ad493f3af337db577831be0"}
,"/Users/eureyuri/Desktop/School/Columbia/CS/ASE/shiba/webapp/src/components/Card.tsx": {"path":"/Users/eureyuri/Desktop/School/Columbia/CS/ASE/shiba/webapp/src/components/Card.tsx","statementMap":{"0":{"start":{"line":8,"column":18},"end":{"line":16,"column":3}},"1":{"start":{"line":8,"column":36},"end":{"line":16,"column":1}},"2":{"start":{"line":18,"column":25},"end":{"line":26,"column":1}},"3":{"start":{"line":19,"column":18},"end":{"line":19,"column":29}},"4":{"start":{"line":20,"column":2},"end":{"line":25,"column":4}}},"fnMap":{"0":{"name":"(anonymous_0)","decl":{"start":{"line":8,"column":29},"end":{"line":8,"column":30}},"loc":{"start":{"line":8,"column":36},"end":{"line":16,"column":1}},"line":8},"1":{"name":"(anonymous_1)","decl":{"start":{"line":18,"column":25},"end":{"line":18,"column":26}},"loc":{"start":{"line":18,"column":36},"end":{"line":26,"column":1}},"line":18}},"branchMap":{"0":{"loc":{"start":{"line":22,"column":7},"end":{"line":22,"column":72}},"type":"binary-expr","locations":[{"start":{"line":22,"column":7},"end":{"line":22,"column":18}},{"start":{"line":22,"column":22},"end":{"line":22,"column":72}}],"line":22}},"s":{"0":4,"1":7,"2":4,"3":21,"4":21},"f":{"0":7,"1":21},"b":{"0":[21,16]},"_coverageSchema":"1a1c01bbd47fc00a2c39e90264f33305004495a9","hash":"fde590af522db0c13a264c4fdf12f5e9a070965a"}
,"/Users/eureyuri/Desktop/School/Columbia/CS/ASE/shiba/webapp/src/components/EditInput.tsx": {"path":"/Users/eureyuri/Desktop/School/Columbia/CS/ASE/shiba/webapp/src/components/EditInput.tsx","statementMap":{"0":{"start":{"line":14,"column":30},"end":{"line":53,"column":1}},"1":{"start":{"line":15,"column":34},"end":{"line":15,"column":49}},"2":{"start":{"line":16,"column":28},"end":{"line":16,"column":49}},"3":{"start":{"line":18,"column":2},"end":{"line":52,"column":3}},"4":{"start":{"line":19,"column":25},"end":{"line":22,"column":5}},"5":{"start":{"line":20,"column":6},"end":{"line":20,"column":28}},"6":{"start":{"line":21,"column":6},"end":{"line":21,"column":24}},"7":{"start":{"line":24,"column":4},"end":{"line":37,"column":6}},"8":{"start":{"line":28,"column":25},"end":{"line":28,"column":49}},"9":{"start":{"line":39,"column":4},"end":{"line":51,"column":6}},"10":{"start":{"line":45,"column":39},"end":{"line":45,"column":55}}},"fnMap":{"0":{"name":"(anonymous_0)","decl":{"start":{"line":14,"column":30},"end":{"line":14,"column":31}},"loc":{"start":{"line":14,"column":41},"end":{"line":53,"column":1}},"line":14},"1":{"name":"(anonymous_1)","decl":{"start":{"line":19,"column":25},"end":{"line":19,"column":26}},"loc":{"start":{"line":19,"column":31},"end":{"line":22,"column":5}},"line":19},"2":{"name":"(anonymous_2)","decl":{"start":{"line":28,"column":18},"end":{"line":28,"column":19}},"loc":{"start":{"line":28,"column":25},"end":{"line":28,"column":49}},"line":28},"3":{"name":"(anonymous_3)","decl":{"start":{"line":45,"column":33},"end":{"line":45,"column":34}},"loc":{"start":{"line":45,"column":39},"end":{"line":45,"column":55}},"line":45}},"branchMap":{"0":{"loc":{"start":{"line":18,"column":2},"end":{"line":52,"column":3}},"type":"if","locations":[{"start":{"line":18,"column":2},"end":{"line":52,"column":3}},{"start":{"line":18,"column":2},"end":{"line":52,"column":3}}],"line":18}},"s":{"0":3,"1":16,"2":16,"3":16,"4":10,"5":1,"6":1,"7":10,"8":9,"9":6,"10":1},"f":{"0":16,"1":1,"2":9,"3":1},"b":{"0":[10,6]},"_coverageSchema":"1a1c01bbd47fc00a2c39e90264f33305004495a9","hash":"a7aa9a442f1e329fef03f0054593609bbf995f67"}
,"/Users/eureyuri/Desktop/School/Columbia/CS/ASE/shiba/webapp/src/components/Footer.tsx": {"path":"/Users/eureyuri/Desktop/School/Columbia/CS/ASE/shiba/webapp/src/components/Footer.tsx","statementMap":{"0":{"start":{"line":13,"column":14},"end":{"line":13,"column":64}},"1":{"start":{"line":19,"column":27},"end":{"line":35,"column":1}},"2":{"start":{"line":20,"column":15},"end":{"line":20,"column":46}},"3":{"start":{"line":21,"column":16},"end":{"line":21,"column":58}},"4":{"start":{"line":21,"column":39},"end":{"line":21,"column":57}},"5":{"start":{"line":22,"column":2},"end":{"line":34,"column":4}},"6":{"start":{"line":26,"column":8},"end":{"line":26,"column":39}}},"fnMap":{"0":{"name":"(anonymous_0)","decl":{"start":{"line":19,"column":27},"end":{"line":19,"column":28}},"loc":{"start":{"line":19,"column":38},"end":{"line":35,"column":1}},"line":19},"1":{"name":"(anonymous_1)","decl":{"start":{"line":21,"column":32},"end":{"line":21,"column":33}},"loc":{"start":{"line":21,"column":39},"end":{"line":21,"column":57}},"line":21},"2":{"name":"(anonymous_2)","decl":{"start":{"line":25,"column":16},"end":{"line":25,"column":17}},"loc":{"start":{"line":25,"column":28},"end":{"line":27,"column":7}},"line":25}},"branchMap":{},"s":{"0":2,"1":2,"2":5,"3":5,"4":12,"5":5,"6":1},"f":{"0":5,"1":12,"2":1},"b":{},"_coverageSchema":"1a1c01bbd47fc00a2c39e90264f33305004495a9","hash":"b6c77697ba57a82625c8ebe1290212a160780f5f"}
,"/Users/eureyuri/Desktop/School/Columbia/CS/ASE/shiba/webapp/src/components/Header.tsx": {"path":"/Users/eureyuri/Desktop/School/Columbia/CS/ASE/shiba/webapp/src/components/Header.tsx","statementMap":{"0":{"start":{"line":19,"column":18},"end":{"line":43,"column":3}},"1":{"start":{"line":19,"column":41},"end":{"line":43,"column":1}},"2":{"start":{"line":45,"column":27},"end":{"line":64,"column":1}},"3":{"start":{"line":46,"column":18},"end":{"line":46,"column":29}},"4":{"start":{"line":47,"column":2},"end":{"line":63,"column":4}},"5":{"start":{"line":54,"column":27},"end":{"line":54,"column":50}}},"fnMap":{"0":{"name":"(anonymous_0)","decl":{"start":{"line":19,"column":29},"end":{"line":19,"column":30}},"loc":{"start":{"line":19,"column":41},"end":{"line":43,"column":1}},"line":19},"1":{"name":"(anonymous_1)","decl":{"start":{"line":45,"column":27},"end":{"line":45,"column":28}},"loc":{"start":{"line":45,"column":38},"end":{"line":64,"column":1}},"line":45},"2":{"name":"(anonymous_2)","decl":{"start":{"line":54,"column":21},"end":{"line":54,"column":22}},"loc":{"start":{"line":54,"column":27},"end":{"line":54,"column":50}},"line":54}},"branchMap":{"0":{"loc":{"start":{"line":50,"column":9},"end":{"line":58,"column":9}},"type":"binary-expr","locations":[{"start":{"line":50,"column":9},"end":{"line":50,"column":28}},{"start":{"line":51,"column":10},"end":{"line":57,"column":23}}],"line":50}},"s":{"0":8,"1":22,"2":8,"3":60,"4":60,"5":1},"f":{"0":22,"1":60,"2":1},"b":{"0":[60,47]},"_coverageSchema":"1a1c01bbd47fc00a2c39e90264f33305004495a9","hash":"d9d84f034acad76bf12b0d6b12d47f367992bd80"}
,"/Users/eureyuri/Desktop/School/Columbia/CS/ASE/shiba/webapp/src/components/Layout.tsx": {"path":"/Users/eureyuri/Desktop/School/Columbia/CS/ASE/shiba/webapp/src/components/Layout.tsx","statementMap":{"0":{"start":{"line":15,"column":18},"end":{"line":24,"column":3}},"1":{"start":{"line":15,"column":36},"end":{"line":24,"column":1}},"2":{"start":{"line":26,"column":27},"end":{"line":35,"column":1}},"3":{"start":{"line":27,"column":18},"end":{"line":27,"column":29}},"4":{"start":{"line":29,"column":2},"end":{"line":34,"column":4}}},"fnMap":{"0":{"name":"(anonymous_0)","decl":{"start":{"line":15,"column":29},"end":{"line":15,"column":30}},"loc":{"start":{"line":15,"column":36},"end":{"line":24,"column":1}},"line":15},"1":{"name":"(anonymous_1)","decl":{"start":{"line":26,"column":27},"end":{"line":26,"column":28}},"loc":{"start":{"line":26,"column":38},"end":{"line":35,"column":1}},"line":26}},"branchMap":{},"s":{"0":1,"1":1,"2":1,"3":1,"4":1},"f":{"0":1,"1":1},"b":{},"_coverageSchema":"1a1c01bbd47fc00a2c39e90264f33305004495a9","hash":"ff362d97cff909a3cdabeaf94d5f7374f20c235f"}
,"/Users/eureyuri/Desktop/School/Columbia/CS/ASE/shiba/webapp/src/components/Message.tsx": {"path":"/Users/eureyuri/Desktop/School/Columbia/CS/ASE/shiba/webapp/src/components/Message.tsx","statementMap":{"0":{"start":{"line":4,"column":18},"end":{"line":12,"column":3}},"1":{"start":{"line":4,"column":36},"end":{"line":12,"column":1}},"2":{"start":{"line":14,"column":20},"end":{"line":17,"column":1}},"3":{"start":{"line":15,"column":18},"end":{"line":15,"column":29}},"4":{"start":{"line":16,"column":2},"end":{"line":16,"column":65}}},"fnMap":{"0":{"name":"(anonymous_0)","decl":{"start":{"line":4,"column":29},"end":{"line":4,"column":30}},"loc":{"start":{"line":4,"column":36},"end":{"line":12,"column":1}},"line":4},"1":{"name":"(anonymous_1)","decl":{"start":{"line":14,"column":20},"end":{"line":14,"column":21}},"loc":{"start":{"line":14,"column":31},"end":{"line":17,"column":1}},"line":14}},"branchMap":{},"s":{"0":3,"1":8,"2":3,"3":8,"4":8},"f":{"0":8,"1":8},"b":{},"_coverageSchema":"1a1c01bbd47fc00a2c39e90264f33305004495a9","hash":"5207cf16be62eda6ea8df09ea88a11c684eda8ea"}
,"/Users/eureyuri/Desktop/School/Columbia/CS/ASE/shiba/webapp/src/components/ShibaLogo.tsx": {"path":"/Users/eureyuri/Desktop/School/Columbia/CS/ASE/shiba/webapp/src/components/ShibaLogo.tsx","statementMap":{"0":{"start":{"line":4,"column":18},"end":{"line":8,"column":3}},"1":{"start":{"line":4,"column":36},"end":{"line":8,"column":1}},"2":{"start":{"line":10,"column":22},"end":{"line":14,"column":1}},"3":{"start":{"line":11,"column":18},"end":{"line":11,"column":29}},"4":{"start":{"line":13,"column":2},"end":{"line":13,"column":64}}},"fnMap":{"0":{"name":"(anonymous_0)","decl":{"start":{"line":4,"column":29},"end":{"line":4,"column":30}},"loc":{"start":{"line":4,"column":36},"end":{"line":8,"column":1}},"line":4},"1":{"name":"(anonymous_1)","decl":{"start":{"line":10,"column":22},"end":{"line":10,"column":23}},"loc":{"start":{"line":10,"column":28},"end":{"line":14,"column":1}},"line":10}},"branchMap":{},"s":{"0":4,"1":9,"2":4,"3":15,"4":15},"f":{"0":9,"1":15},"b":{},"_coverageSchema":"1a1c01bbd47fc00a2c39e90264f33305004495a9","hash":"de1dac2ca5f51f9f169581dcbf04307ed4e71632"}
,"/Users/eureyuri/Desktop/School/Columbia/CS/ASE/shiba/webapp/src/components/VotingButton.tsx": {"path":"/Users/eureyuri/Desktop/School/Columbia/CS/ASE/shiba/webapp/src/components/VotingButton.tsx","statementMap":{"0":{"start":{"line":12,"column":18},"end":{"line":45,"column":3}},"1":{"start":{"line":12,"column":36},"end":{"line":45,"column":1}},"2":{"start":{"line":47,"column":30},"end":{"line":70,"column":1}},"3":{"start":{"line":48,"column":18},"end":{"line":48,"column":29}},"4":{"start":{"line":49,"column":21},"end":{"line":49,"column":37}},"5":{"start":{"line":50,"column":2},"end":{"line":52,"column":3}},"6":{"start":{"line":51,"column":4},"end":{"line":51,"column":37}},"7":{"start":{"line":54,"column":15},"end":{"line":54,"column":25}},"8":{"start":{"line":56,"column":2},"end":{"line":69,"column":4}}},"fnMap":{"0":{"name":"(anonymous_0)","decl":{"start":{"line":12,"column":29},"end":{"line":12,"column":30}},"loc":{"start":{"line":12,"column":36},"end":{"line":45,"column":1}},"line":12},"1":{"name":"(anonymous_1)","decl":{"start":{"line":47,"column":30},"end":{"line":47,"column":31}},"loc":{"start":{"line":47,"column":41},"end":{"line":70,"column":1}},"line":47}},"branchMap":{"0":{"loc":{"start":{"line":50,"column":2},"end":{"line":52,"column":3}},"type":"if","locations":[{"start":{"line":50,"column":2},"end":{"line":52,"column":3}},{"start":{"line":50,"column":2},"end":{"line":52,"column":3}}],"line":50}},"s":{"0":2,"1":17,"2":2,"3":143,"4":143,"5":143,"6":80,"7":143,"8":143},"f":{"0":17,"1":143},"b":{"0":[80,63]},"_coverageSchema":"1a1c01bbd47fc00a2c39e90264f33305004495a9","hash":"2d342d5c1c5045adede6389078e5df8971b3e1ba"}
,"/Users/eureyuri/Desktop/School/Columbia/CS/ASE/shiba/webapp/src/domain/group.ts": {"path":"/Users/eureyuri/Desktop/School/Columbia/CS/ASE/shiba/webapp/src/domain/group.ts","statementMap":{},"fnMap":{},"branchMap":{},"s":{},"f":{},"b":{}}
,"/Users/eureyuri/Desktop/School/Columbia/CS/ASE/shiba/webapp/src/domain/message.ts": {"path":"/Users/eureyuri/Desktop/School/Columbia/CS/ASE/shiba/webapp/src/domain/message.ts","statementMap":{"0":{"start":{"line":14,"column":2},"end":{"line":16,"column":3}},"1":{"start":{"line":15,"column":4},"end":{"line":15,"column":29}},"2":{"start":{"line":18,"column":2},"end":{"line":18,"column":18}}},"fnMap":{"0":{"name":"unwrap","decl":{"start":{"line":13,"column":16},"end":{"line":13,"column":22}},"loc":{"start":{"line":13,"column":46},"end":{"line":19,"column":1}},"line":13}},"branchMap":{"0":{"loc":{"start":{"line":14,"column":2},"end":{"line":16,"column":3}},"type":"if","locations":[{"start":{"line":14,"column":2},"end":{"line":16,"column":3}},{"start":{"line":14,"column":2},"end":{"line":16,"column":3}}],"line":14}},"s":{"0":12,"1":1,"2":11},"f":{"0":12},"b":{"0":[1,11]},"_coverageSchema":"1a1c01bbd47fc00a2c39e90264f33305004495a9","hash":"46a049645ae0febdaf71fe195cf5d662549a81ef"}
,"/Users/eureyuri/Desktop/School/Columbia/CS/ASE/shiba/webapp/src/domain/statistics.ts": {"path":"/Users/eureyuri/Desktop/School/Columbia/CS/ASE/shiba/webapp/src/domain/statistics.ts","statementMap":{},"fnMap":{},"branchMap":{},"s":{},"f":{},"b":{}}
,"/Users/eureyuri/Desktop/School/Columbia/CS/ASE/shiba/webapp/src/domain/user.ts": {"path":"/Users/eureyuri/Desktop/School/Columbia/CS/ASE/shiba/webapp/src/domain/user.ts","statementMap":{},"fnMap":{},"branchMap":{},"s":{},"f":{},"b":{}}
,"/Users/eureyuri/Desktop/School/Columbia/CS/ASE/shiba/webapp/src/domain/voting-item.ts": {"path":"/Users/eureyuri/Desktop/School/Columbia/CS/ASE/shiba/webapp/src/domain/voting-item.ts","statementMap":{},"fnMap":{},"branchMap":{},"s":{},"f":{},"b":{}}
,"/Users/eureyuri/Desktop/School/Columbia/CS/ASE/shiba/webapp/src/firebase/config.ts": {"path":"/Users/eureyuri/Desktop/School/Columbia/CS/ASE/shiba/webapp/src/firebase/config.ts","statementMap":{"0":{"start":{"line":1,"column":22},"end":{"line":10,"column":1}}},"fnMap":{},"branchMap":{},"s":{"0":3},"f":{},"b":{},"_coverageSchema":"1a1c01bbd47fc00a2c39e90264f33305004495a9","hash":"f3c2945e4d0dcfa35882d989a4fe0ca9693611e8"}
,"/Users/eureyuri/Desktop/School/Columbia/CS/ASE/shiba/webapp/src/firebase/firebase.utils.ts": {"path":"/Users/eureyuri/Desktop/School/Columbia/CS/ASE/shiba/webapp/src/firebase/firebase.utils.ts","statementMap":{"0":{"start":{"line":5,"column":36},"end":{"line":26,"column":1}},"1":{"start":{"line":9,"column":2},"end":{"line":9,"column":25}},"2":{"start":{"line":9,"column":13},"end":{"line":9,"column":25}},"3":{"start":{"line":11,"column":18},"end":{"line":11,"column":52}},"4":{"start":{"line":12,"column":19},"end":{"line":12,"column":38}},"5":{"start":{"line":14,"column":2},"end":{"line":23,"column":3}},"6":{"start":{"line":15,"column":50},"end":{"line":15,"column":54}},"7":{"start":{"line":16,"column":4},"end":{"line":22,"column":7}},"8":{"start":{"line":25,"column":2},"end":{"line":25,"column":35}},"9":{"start":{"line":28,"column":24},"end":{"line":35,"column":1}},"10":{"start":{"line":29,"column":23},"end":{"line":29,"column":64}},"11":{"start":{"line":31,"column":2},"end":{"line":34,"column":12}}},"fnMap":{"0":{"name":"(anonymous_0)","decl":{"start":{"line":5,"column":36},"end":{"line":5,"column":37}},"loc":{"start":{"line":8,"column":27},"end":{"line":26,"column":1}},"line":8},"1":{"name":"(anonymous_1)","decl":{"start":{"line":28,"column":24},"end":{"line":28,"column":25}},"loc":{"start":{"line":28,"column":69},"end":{"line":35,"column":1}},"line":28}},"branchMap":{"0":{"loc":{"start":{"line":9,"column":2},"end":{"line":9,"column":25}},"type":"if","locations":[{"start":{"line":9,"column":2},"end":{"line":9,"column":25}},{"start":{"line":9,"column":2},"end":{"line":9,"column":25}}],"line":9},"1":{"loc":{"start":{"line":14,"column":2},"end":{"line":23,"column":3}},"type":"if","locations":[{"start":{"line":14,"column":2},"end":{"line":23,"column":3}},{"start":{"line":14,"column":2},"end":{"line":23,"column":3}}],"line":14}},"s":{"0":1,"1":3,"2":1,"3":2,"4":2,"5":2,"6":1,"7":1,"8":2,"9":1,"10":2,"11":2},"f":{"0":3,"1":2},"b":{"0":[1,2],"1":[1,1]},"_coverageSchema":"1a1c01bbd47fc00a2c39e90264f33305004495a9","hash":"b1aee2ab6c69458c1c794bb1729e5d42930fd1f4"}
,"/Users/eureyuri/Desktop/School/Columbia/CS/ASE/shiba/webapp/src/firebase/index.ts": {"path":"/Users/eureyuri/Desktop/School/Columbia/CS/ASE/shiba/webapp/src/firebase/index.ts","statementMap":{"0":{"start":{"line":6,"column":0},"end":{"line":6,"column":31}},"1":{"start":{"line":8,"column":20},"end":{"line":8,"column":35}},"2":{"start":{"line":9,"column":25},"end":{"line":9,"column":45}}},"fnMap":{},"branchMap":{},"s":{"0":3,"1":3,"2":3},"f":{},"b":{},"_coverageSchema":"1a1c01bbd47fc00a2c39e90264f33305004495a9","hash":"2e18ec9f41364a633cb8556528e2d76af9baac0e"}
,"/Users/eureyuri/Desktop/School/Columbia/CS/ASE/shiba/webapp/src/pages/AddItems/index.tsx": {"path":"/Users/eureyuri/Desktop/School/Columbia/CS/ASE/shiba/webapp/src/pages/AddItems/index.tsx","statementMap":{"0":{"start":{"line":23,"column":18},"end":{"line":56,"column":3}},"1":{"start":{"line":23,"column":36},"end":{"line":56,"column":1}},"2":{"start":{"line":58,"column":23},"end":{"line":58,"column":43}},"3":{"start":{"line":60,"column":29},"end":{"line":142,"column":2}},"4":{"start":{"line":61,"column":27},"end":{"line":61,"column":39}},"5":{"start":{"line":62,"column":34},"end":{"line":62,"column":46}},"6":{"start":{"line":63,"column":36},"end":{"line":63,"column":48}},"7":{"start":{"line":65,"column":18},"end":{"line":65,"column":29}},"8":{"start":{"line":66,"column":17},"end":{"line":66,"column":41}},"9":{"start":{"line":67,"column":28},"end":{"line":67,"column":51}},"10":{"start":{"line":68,"column":24},"end":{"line":68,"column":46}},"11":{"start":{"line":71,"column":2},"end":{"line":82,"column":9}},"12":{"start":{"line":72,"column":4},"end":{"line":77,"column":5}},"13":{"start":{"line":73,"column":6},"end":{"line":76,"column":9}},"14":{"start":{"line":74,"column":8},"end":{"line":74,"column":46}},"15":{"start":{"line":75,"column":8},"end":{"line":75,"column":48}},"16":{"start":{"line":79,"column":4},"end":{"line":79,"column":52}},"17":{"start":{"line":81,"column":4},"end":{"line":81,"column":31}},"18":{"start":{"line":84,"column":2},"end":{"line":84,"column":50}},"19":{"start":{"line":84,"column":38},"end":{"line":84,"column":50}},"20":{"start":{"line":86,"column":18},"end":{"line":89,"column":3}},"21":{"start":{"line":87,"column":4},"end":{"line":87,"column":19}},"22":{"start":{"line":88,"column":4},"end":{"line":88,"column":74}},"23":{"start":{"line":88,"column":25},"end":{"line":88,"column":72}},"24":{"start":{"line":91,"column":20},"end":{"line":94,"column":3}},"25":{"start":{"line":92,"column":4},"end":{"line":92,"column":38}},"26":{"start":{"line":93,"column":4},"end":{"line":93,"column":37}},"27":{"start":{"line":96,"column":21},"end":{"line":96,"column":61}},"28":{"start":{"line":98,"column":2},"end":{"line":141,"column":4}},"29":{"start":{"line":109,"column":27},"end":{"line":109,"column":50}},"30":{"start":{"line":121,"column":12},"end":{"line":136,"column":18}},"31":{"start":{"line":133,"column":46},"end":{"line":133,"column":61}}},"fnMap":{"0":{"name":"(anonymous_0)","decl":{"start":{"line":23,"column":29},"end":{"line":23,"column":30}},"loc":{"start":{"line":23,"column":36},"end":{"line":56,"column":1}},"line":23},"1":{"name":"(anonymous_1)","decl":{"start":{"line":60,"column":38},"end":{"line":60,"column":39}},"loc":{"start":{"line":60,"column":49},"end":{"line":142,"column":1}},"line":60},"2":{"name":"(anonymous_2)","decl":{"start":{"line":71,"column":12},"end":{"line":71,"column":13}},"loc":{"start":{"line":71,"column":18},"end":{"line":82,"column":3}},"line":71},"3":{"name":"(anonymous_3)","decl":{"start":{"line":73,"column":47},"end":{"line":73,"column":48}},"loc":{"start":{"line":73,"column":61},"end":{"line":76,"column":7}},"line":73},"4":{"name":"(anonymous_4)","decl":{"start":{"line":86,"column":18},"end":{"line":86,"column":19}},"loc":{"start":{"line":86,"column":36},"end":{"line":89,"column":3}},"line":86},"5":{"name":"(anonymous_5)","decl":{"start":{"line":88,"column":19},"end":{"line":88,"column":20}},"loc":{"start":{"line":88,"column":25},"end":{"line":88,"column":72}},"line":88},"6":{"name":"(anonymous_6)","decl":{"start":{"line":91,"column":20},"end":{"line":91,"column":21}},"loc":{"start":{"line":91,"column":48},"end":{"line":94,"column":3}},"line":91},"7":{"name":"(anonymous_7)","decl":{"start":{"line":109,"column":20},"end":{"line":109,"column":21}},"loc":{"start":{"line":109,"column":27},"end":{"line":109,"column":50}},"line":109},"8":{"name":"(anonymous_8)","decl":{"start":{"line":120,"column":35},"end":{"line":120,"column":36}},"loc":{"start":{"line":121,"column":12},"end":{"line":136,"column":18}},"line":121},"9":{"name":"(anonymous_9)","decl":{"start":{"line":133,"column":40},"end":{"line":133,"column":41}},"loc":{"start":{"line":133,"column":46},"end":{"line":133,"column":61}},"line":133}},"branchMap":{"0":{"loc":{"start":{"line":72,"column":4},"end":{"line":77,"column":5}},"type":"if","locations":[{"start":{"line":72,"column":4},"end":{"line":77,"column":5}},{"start":{"line":72,"column":4},"end":{"line":77,"column":5}}],"line":72},"1":{"loc":{"start":{"line":84,"column":2},"end":{"line":84,"column":50}},"type":"if","locations":[{"start":{"line":84,"column":2},"end":{"line":84,"column":50}},{"start":{"line":84,"column":2},"end":{"line":84,"column":50}}],"line":84},"2":{"loc":{"start":{"line":130,"column":17},"end":{"line":134,"column":17}},"type":"cond-expr","locations":[{"start":{"line":131,"column":18},"end":{"line":131,"column":60}},{"start":{"line":133,"column":18},"end":{"line":133,"column":65}}],"line":130}},"s":{"0":1,"1":3,"2":1,"3":1,"4":22,"5":22,"6":22,"7":22,"8":22,"9":22,"10":22,"11":22,"12":3,"13":3,"14":3,"15":3,"16":3,"17":3,"18":22,"19":1,"20":21,"21":15,"22":15,"23":1,"24":21,"25":1,"26":0,"27":21,"28":21,"29":15,"30":21,"31":1},"f":{"0":3,"1":22,"2":3,"3":3,"4":15,"5":1,"6":1,"7":15,"8":21,"9":1},"b":{"0":[3,0],"1":[1,21],"2":[0,21]},"_coverageSchema":"1a1c01bbd47fc00a2c39e90264f33305004495a9","hash":"e51efa5f98cee5ba47427ef58e0c8ae03c9953e1"}
,"/Users/eureyuri/Desktop/School/Columbia/CS/ASE/shiba/webapp/src/pages/Authentication/index.tsx": {"path":"/Users/eureyuri/Desktop/School/Columbia/CS/ASE/shiba/webapp/src/pages/Authentication/index.tsx","statementMap":{"0":{"start":{"line":14,"column":17},"end":{"line":24,"column":1}},"1":{"start":{"line":26,"column":27},"end":{"line":61,"column":1}},"2":{"start":{"line":27,"column":2},"end":{"line":32,"column":9}},"3":{"start":{"line":28,"column":18},"end":{"line":28,"column":52}},"4":{"start":{"line":29,"column":4},"end":{"line":31,"column":5}},"5":{"start":{"line":30,"column":6},"end":{"line":30,"column":42}},"6":{"start":{"line":34,"column":2},"end":{"line":60,"column":4}}},"fnMap":{"0":{"name":"(anonymous_0)","decl":{"start":{"line":26,"column":27},"end":{"line":26,"column":28}},"loc":{"start":{"line":26,"column":33},"end":{"line":61,"column":1}},"line":26},"1":{"name":"(anonymous_1)","decl":{"start":{"line":27,"column":12},"end":{"line":27,"column":13}},"loc":{"start":{"line":27,"column":18},"end":{"line":32,"column":3}},"line":27}},"branchMap":{"0":{"loc":{"start":{"line":29,"column":4},"end":{"line":31,"column":5}},"type":"if","locations":[{"start":{"line":29,"column":4},"end":{"line":31,"column":5}},{"start":{"line":29,"column":4},"end":{"line":31,"column":5}}],"line":29},"1":{"loc":{"start":{"line":29,"column":8},"end":{"line":29,"column":33}},"type":"binary-expr","locations":[{"start":{"line":29,"column":8},"end":{"line":29,"column":13}},{"start":{"line":29,"column":17},"end":{"line":29,"column":33}}],"line":29}},"s":{"0":1,"1":1,"2":2,"3":2,"4":2,"5":1,"6":2},"f":{"0":2,"1":2},"b":{"0":[1,1],"1":[2,1]},"_coverageSchema":"1a1c01bbd47fc00a2c39e90264f33305004495a9","hash":"9f54e67b7441460e8ae3a9a27ebaa79bb1e8f3a1"}
,"/Users/eureyuri/Desktop/School/Columbia/CS/ASE/shiba/webapp/src/pages/Invitation/index.tsx": {"path":"/Users/eureyuri/Desktop/School/Columbia/CS/ASE/shiba/webapp/src/pages/Invitation/index.tsx","statementMap":{"0":{"start":{"line":18,"column":18},"end":{"line":34,"column":3}},"1":{"start":{"line":18,"column":36},"end":{"line":34,"column":1}},"2":{"start":{"line":36,"column":31},"end":{"line":74,"column":2}},"3":{"start":{"line":37,"column":18},"end":{"line":37,"column":29}},"4":{"start":{"line":38,"column":17},"end":{"line":38,"column":41}},"5":{"start":{"line":39,"column":28},"end":{"line":39,"column":51}},"6":{"start":{"line":41,"column":2},"end":{"line":43,"column":9}},"7":{"start":{"line":42,"column":4},"end":{"line":42,"column":31}},"8":{"start":{"line":45,"column":2},"end":{"line":45,"column":43}},"9":{"start":{"line":45,"column":31},"end":{"line":45,"column":43}},"10":{"start":{"line":47,"column":19},"end":{"line":50,"column":3}},"11":{"start":{"line":48,"column":4},"end":{"line":48,"column":29}},"12":{"start":{"line":49,"column":4},"end":{"line":49,"column":43}},"13":{"start":{"line":52,"column":23},"end":{"line":54,"column":3}},"14":{"start":{"line":53,"column":4},"end":{"line":53,"column":40}},"15":{"start":{"line":56,"column":2},"end":{"line":73,"column":4}}},"fnMap":{"0":{"name":"(anonymous_0)","decl":{"start":{"line":18,"column":29},"end":{"line":18,"column":30}},"loc":{"start":{"line":18,"column":36},"end":{"line":34,"column":1}},"line":18},"1":{"name":"(anonymous_1)","decl":{"start":{"line":36,"column":40},"end":{"line":36,"column":41}},"loc":{"start":{"line":36,"column":51},"end":{"line":74,"column":1}},"line":36},"2":{"name":"(anonymous_2)","decl":{"start":{"line":41,"column":12},"end":{"line":41,"column":13}},"loc":{"start":{"line":41,"column":18},"end":{"line":43,"column":3}},"line":41},"3":{"name":"(anonymous_3)","decl":{"start":{"line":47,"column":19},"end":{"line":47,"column":20}},"loc":{"start":{"line":47,"column":25},"end":{"line":50,"column":3}},"line":47},"4":{"name":"(anonymous_4)","decl":{"start":{"line":52,"column":23},"end":{"line":52,"column":24}},"loc":{"start":{"line":52,"column":29},"end":{"line":54,"column":3}},"line":52}},"branchMap":{"0":{"loc":{"start":{"line":45,"column":2},"end":{"line":45,"column":43}},"type":"if","locations":[{"start":{"line":45,"column":2},"end":{"line":45,"column":43}},{"start":{"line":45,"column":2},"end":{"line":45,"column":43}}],"line":45}},"s":{"0":1,"1":3,"2":1,"3":6,"4":6,"5":6,"6":6,"7":3,"8":6,"9":1,"10":5,"11":1,"12":1,"13":5,"14":1,"15":5},"f":{"0":3,"1":6,"2":3,"3":1,"4":1},"b":{"0":[1,5]},"_coverageSchema":"1a1c01bbd47fc00a2c39e90264f33305004495a9","hash":"fbf4643017fb1f38d2ca34663dddb1b2b27bf2e9"}
,"/Users/eureyuri/Desktop/School/Columbia/CS/ASE/shiba/webapp/src/pages/RoomList/index.tsx": {"path":"/Users/eureyuri/Desktop/School/Columbia/CS/ASE/shiba/webapp/src/pages/RoomList/index.tsx","statementMap":{"0":{"start":{"line":26,"column":18},"end":{"line":30,"column":3}},"1":{"start":{"line":26,"column":36},"end":{"line":30,"column":1}},"2":{"start":{"line":37,"column":42},"end":{"line":87,"column":1}},"3":{"start":{"line":38,"column":36},"end":{"line":38,"column":48}},"4":{"start":{"line":40,"column":2},"end":{"line":86,"column":4}},"5":{"start":{"line":52,"column":10},"end":{"line":52,"column":29}},"6":{"start":{"line":53,"column":10},"end":{"line":53,"column":44}},"7":{"start":{"line":54,"column":10},"end":{"line":54,"column":27}},"8":{"start":{"line":55,"column":10},"end":{"line":55,"column":30}},"9":{"start":{"line":67,"column":29},"end":{"line":67,"column":57}},"10":{"start":{"line":94,"column":23},"end":{"line":101,"column":1}},"11":{"start":{"line":95,"column":18},"end":{"line":98,"column":28}},"12":{"start":{"line":97,"column":19},"end":{"line":97,"column":31}},"13":{"start":{"line":98,"column":16},"end":{"line":98,"column":27}},"14":{"start":{"line":100,"column":2},"end":{"line":100,"column":38}},"15":{"start":{"line":103,"column":37},"end":{"line":126,"column":1}},"16":{"start":{"line":104,"column":18},"end":{"line":104,"column":29}},"17":{"start":{"line":105,"column":2},"end":{"line":107,"column":3}},"18":{"start":{"line":106,"column":4},"end":{"line":106,"column":51}},"19":{"start":{"line":109,"column":2},"end":{"line":125,"column":4}},"20":{"start":{"line":112,"column":8},"end":{"line":122,"column":19}},"21":{"start":{"line":116,"column":25},"end":{"line":116,"column":70}},"22":{"start":{"line":128,"column":34},"end":{"line":153,"column":2}},"23":{"start":{"line":129,"column":28},"end":{"line":129,"column":43}},"24":{"start":{"line":131,"column":2},"end":{"line":133,"column":9}},"25":{"start":{"line":132,"column":4},"end":{"line":132,"column":36}},"26":{"start":{"line":135,"column":2},"end":{"line":152,"column":4}},"27":{"start":{"line":139,"column":37},"end":{"line":139,"column":50}},"28":{"start":{"line":150,"column":59},"end":{"line":150,"column":73}},"29":{"start":{"line":155,"column":35},"end":{"line":171,"column":2}},"30":{"start":{"line":156,"column":2},"end":{"line":158,"column":9}},"31":{"start":{"line":157,"column":4},"end":{"line":157,"column":37}},"32":{"start":{"line":160,"column":2},"end":{"line":170,"column":4}},"33":{"start":{"line":173,"column":29},"end":{"line":173,"column":49}}},"fnMap":{"0":{"name":"(anonymous_0)","decl":{"start":{"line":26,"column":29},"end":{"line":26,"column":30}},"loc":{"start":{"line":26,"column":36},"end":{"line":30,"column":1}},"line":26},"1":{"name":"(anonymous_1)","decl":{"start":{"line":37,"column":42},"end":{"line":37,"column":43}},"loc":{"start":{"line":37,"column":53},"end":{"line":87,"column":1}},"line":37},"2":{"name":"(anonymous_2)","decl":{"start":{"line":51,"column":18},"end":{"line":51,"column":19}},"loc":{"start":{"line":51,"column":25},"end":{"line":56,"column":9}},"line":51},"3":{"name":"(anonymous_3)","decl":{"start":{"line":67,"column":22},"end":{"line":67,"column":23}},"loc":{"start":{"line":67,"column":29},"end":{"line":67,"column":57}},"line":67},"4":{"name":"(anonymous_4)","decl":{"start":{"line":94,"column":23},"end":{"line":94,"column":24}},"loc":{"start":{"line":94,"column":49},"end":{"line":101,"column":1}},"line":94},"5":{"name":"(anonymous_5)","decl":{"start":{"line":97,"column":12},"end":{"line":97,"column":13}},"loc":{"start":{"line":97,"column":19},"end":{"line":97,"column":31}},"line":97},"6":{"name":"(anonymous_6)","decl":{"start":{"line":98,"column":9},"end":{"line":98,"column":10}},"loc":{"start":{"line":98,"column":16},"end":{"line":98,"column":27}},"line":98},"7":{"name":"(anonymous_7)","decl":{"start":{"line":103,"column":37},"end":{"line":103,"column":38}},"loc":{"start":{"line":103,"column":48},"end":{"line":126,"column":1}},"line":103},"8":{"name":"(anonymous_8)","decl":{"start":{"line":111,"column":24},"end":{"line":111,"column":25}},"loc":{"start":{"line":112,"column":8},"end":{"line":122,"column":19}},"line":112},"9":{"name":"(anonymous_9)","decl":{"start":{"line":116,"column":19},"end":{"line":116,"column":20}},"loc":{"start":{"line":116,"column":25},"end":{"line":116,"column":70}},"line":116},"10":{"name":"(anonymous_10)","decl":{"start":{"line":128,"column":43},"end":{"line":128,"column":44}},"loc":{"start":{"line":128,"column":49},"end":{"line":153,"column":1}},"line":128},"11":{"name":"(anonymous_11)","decl":{"start":{"line":131,"column":12},"end":{"line":131,"column":13}},"loc":{"start":{"line":131,"column":18},"end":{"line":133,"column":3}},"line":131},"12":{"name":"(anonymous_12)","decl":{"start":{"line":139,"column":31},"end":{"line":139,"column":32}},"loc":{"start":{"line":139,"column":37},"end":{"line":139,"column":50}},"line":139},"13":{"name":"(anonymous_13)","decl":{"start":{"line":150,"column":53},"end":{"line":150,"column":54}},"loc":{"start":{"line":150,"column":59},"end":{"line":150,"column":73}},"line":150},"14":{"name":"(anonymous_14)","decl":{"start":{"line":155,"column":44},"end":{"line":155,"column":45}},"loc":{"start":{"line":155,"column":50},"end":{"line":171,"column":1}},"line":155},"15":{"name":"(anonymous_15)","decl":{"start":{"line":156,"column":12},"end":{"line":156,"column":13}},"loc":{"start":{"line":156,"column":18},"end":{"line":158,"column":3}},"line":156}},"branchMap":{"0":{"loc":{"start":{"line":105,"column":2},"end":{"line":107,"column":3}},"type":"if","locations":[{"start":{"line":105,"column":2},"end":{"line":107,"column":3}},{"start":{"line":105,"column":2},"end":{"line":107,"column":3}}],"line":105}},"s":{"0":1,"1":4,"2":1,"3":24,"4":24,"5":1,"6":1,"7":1,"8":1,"9":14,"10":1,"11":16,"12":48,"13":48,"14":16,"15":1,"16":10,"17":10,"18":2,"19":8,"20":16,"21":1,"22":1,"23":8,"24":8,"25":3,"26":8,"27":1,"28":1,"29":1,"30":2,"31":1,"32":2,"33":1},"f":{"0":4,"1":24,"2":1,"3":14,"4":16,"5":48,"6":48,"7":10,"8":16,"9":1,"10":8,"11":3,"12":1,"13":1,"14":2,"15":1},"b":{"0":[2,8]},"_coverageSchema":"1a1c01bbd47fc00a2c39e90264f33305004495a9","hash":"04f58a749229a10f8449005278bca2ef08d80527"}
,"/Users/eureyuri/Desktop/School/Columbia/CS/ASE/shiba/webapp/src/pages/RoomProfile/index.tsx": {"path":"/Users/eureyuri/Desktop/School/Columbia/CS/ASE/shiba/webapp/src/pages/RoomProfile/index.tsx","statementMap":{"0":{"start":{"line":27,"column":18},"end":{"line":35,"column":3}},"1":{"start":{"line":27,"column":36},"end":{"line":35,"column":1}},"2":{"start":{"line":47,"column":48},"end":{"line":111,"column":1}},"3":{"start":{"line":48,"column":15},"end":{"line":48,"column":38}},"4":{"start":{"line":50,"column":18},"end":{"line":50,"column":30}},"5":{"start":{"line":52,"column":21},"end":{"line":57,"column":3}},"6":{"start":{"line":53,"column":4},"end":{"line":56,"column":6}},"7":{"start":{"line":54,"column":6},"end":{"line":54,"column":15}},"8":{"start":{"line":55,"column":6},"end":{"line":55,"column":39}},"9":{"start":{"line":59,"column":30},"end":{"line":73,"column":4}},"10":{"start":{"line":60,"column":20},"end":{"line":60,"column":41}},"11":{"start":{"line":61,"column":4},"end":{"line":61,"column":25}},"12":{"start":{"line":61,"column":18},"end":{"line":61,"column":25}},"13":{"start":{"line":63,"column":4},"end":{"line":72,"column":25}},"14":{"start":{"line":70,"column":8},"end":{"line":70,"column":18}},"15":{"start":{"line":72,"column":19},"end":{"line":72,"column":23}},"16":{"start":{"line":75,"column":27},"end":{"line":89,"column":4}},"17":{"start":{"line":76,"column":20},"end":{"line":76,"column":38}},"18":{"start":{"line":77,"column":4},"end":{"line":77,"column":25}},"19":{"start":{"line":77,"column":18},"end":{"line":77,"column":25}},"20":{"start":{"line":79,"column":4},"end":{"line":88,"column":25}},"21":{"start":{"line":86,"column":8},"end":{"line":86,"column":18}},"22":{"start":{"line":88,"column":19},"end":{"line":88,"column":23}},"23":{"start":{"line":91,"column":2},"end":{"line":110,"column":4}},"24":{"start":{"line":121,"column":50},"end":{"line":166,"column":1}},"25":{"start":{"line":122,"column":42},"end":{"line":125,"column":17}},"26":{"start":{"line":126,"column":32},"end":{"line":142,"column":3}},"27":{"start":{"line":131,"column":4},"end":{"line":136,"column":5}},"28":{"start":{"line":135,"column":6},"end":{"line":135,"column":13}},"29":{"start":{"line":138,"column":4},"end":{"line":141,"column":7}},"30":{"start":{"line":144,"column":33},"end":{"line":146,"column":3}},"31":{"start":{"line":145,"column":4},"end":{"line":145,"column":26}},"32":{"start":{"line":148,"column":2},"end":{"line":165,"column":4}},"33":{"start":{"line":160,"column":33},"end":{"line":160,"column":73}},"34":{"start":{"line":161,"column":30},"end":{"line":161,"column":67}},"35":{"start":{"line":168,"column":32},"end":{"line":231,"column":2}},"36":{"start":{"line":169,"column":18},"end":{"line":169,"column":29}},"37":{"start":{"line":170,"column":17},"end":{"line":170,"column":41}},"38":{"start":{"line":171,"column":28},"end":{"line":171,"column":51}},"39":{"start":{"line":173,"column":2},"end":{"line":175,"column":9}},"40":{"start":{"line":174,"column":4},"end":{"line":174,"column":31}},"41":{"start":{"line":177,"column":2},"end":{"line":177,"column":62}},"42":{"start":{"line":177,"column":50},"end":{"line":177,"column":62}},"43":{"start":{"line":179,"column":25},"end":{"line":182,"column":14}},"44":{"start":{"line":184,"column":2},"end":{"line":230,"column":4}},"45":{"start":{"line":193,"column":12},"end":{"line":193,"column":56}},"46":{"start":{"line":195,"column":34},"end":{"line":195,"column":75}},"47":{"start":{"line":202,"column":30},"end":{"line":202,"column":66}},"48":{"start":{"line":211,"column":41},"end":{"line":211,"column":61}},"49":{"start":{"line":223,"column":29},"end":{"line":223,"column":57}},"50":{"start":{"line":235,"column":29},"end":{"line":238,"column":1}}},"fnMap":{"0":{"name":"(anonymous_0)","decl":{"start":{"line":27,"column":29},"end":{"line":27,"column":30}},"loc":{"start":{"line":27,"column":36},"end":{"line":35,"column":1}},"line":27},"1":{"name":"(anonymous_1)","decl":{"start":{"line":47,"column":48},"end":{"line":47,"column":49}},"loc":{"start":{"line":47,"column":59},"end":{"line":111,"column":1}},"line":47},"2":{"name":"(anonymous_2)","decl":{"start":{"line":52,"column":21},"end":{"line":52,"column":22}},"loc":{"start":{"line":52,"column":59},"end":{"line":57,"column":3}},"line":52},"3":{"name":"(anonymous_3)","decl":{"start":{"line":53,"column":11},"end":{"line":53,"column":12}},"loc":{"start":{"line":53,"column":17},"end":{"line":56,"column":5}},"line":53},"4":{"name":"(anonymous_4)","decl":{"start":{"line":59,"column":41},"end":{"line":59,"column":42}},"loc":{"start":{"line":59,"column":47},"end":{"line":73,"column":3}},"line":59},"5":{"name":"(anonymous_5)","decl":{"start":{"line":69,"column":12},"end":{"line":69,"column":13}},"loc":{"start":{"line":69,"column":18},"end":{"line":71,"column":7}},"line":69},"6":{"name":"(anonymous_6)","decl":{"start":{"line":72,"column":13},"end":{"line":72,"column":14}},"loc":{"start":{"line":72,"column":19},"end":{"line":72,"column":23}},"line":72},"7":{"name":"(anonymous_7)","decl":{"start":{"line":75,"column":38},"end":{"line":75,"column":39}},"loc":{"start":{"line":75,"column":44},"end":{"line":89,"column":3}},"line":75},"8":{"name":"(anonymous_8)","decl":{"start":{"line":85,"column":12},"end":{"line":85,"column":13}},"loc":{"start":{"line":85,"column":18},"end":{"line":87,"column":7}},"line":85},"9":{"name":"(anonymous_9)","decl":{"start":{"line":88,"column":13},"end":{"line":88,"column":14}},"loc":{"start":{"line":88,"column":19},"end":{"line":88,"column":23}},"line":88},"10":{"name":"(anonymous_10)","decl":{"start":{"line":121,"column":50},"end":{"line":121,"column":51}},"loc":{"start":{"line":121,"column":61},"end":{"line":166,"column":1}},"line":121},"11":{"name":"(anonymous_11)","decl":{"start":{"line":126,"column":32},"end":{"line":126,"column":33}},"loc":{"start":{"line":129,"column":7},"end":{"line":142,"column":3}},"line":129},"12":{"name":"(anonymous_12)","decl":{"start":{"line":144,"column":33},"end":{"line":144,"column":34}},"loc":{"start":{"line":144,"column":39},"end":{"line":146,"column":3}},"line":144},"13":{"name":"(anonymous_13)","decl":{"start":{"line":160,"column":27},"end":{"line":160,"column":28}},"loc":{"start":{"line":160,"column":33},"end":{"line":160,"column":73}},"line":160},"14":{"name":"(anonymous_14)","decl":{"start":{"line":161,"column":24},"end":{"line":161,"column":25}},"loc":{"start":{"line":161,"column":30},"end":{"line":161,"column":67}},"line":161},"15":{"name":"(anonymous_15)","decl":{"start":{"line":168,"column":41},"end":{"line":168,"column":42}},"loc":{"start":{"line":168,"column":52},"end":{"line":231,"column":1}},"line":168},"16":{"name":"(anonymous_16)","decl":{"start":{"line":173,"column":12},"end":{"line":173,"column":13}},"loc":{"start":{"line":173,"column":18},"end":{"line":175,"column":3}},"line":173},"17":{"name":"(anonymous_17)","decl":{"start":{"line":192,"column":27},"end":{"line":192,"column":28}},"loc":{"start":{"line":193,"column":12},"end":{"line":193,"column":56}},"line":193},"18":{"name":"(anonymous_18)","decl":{"start":{"line":195,"column":24},"end":{"line":195,"column":25}},"loc":{"start":{"line":195,"column":34},"end":{"line":195,"column":75}},"line":195},"19":{"name":"(anonymous_19)","decl":{"start":{"line":202,"column":20},"end":{"line":202,"column":21}},"loc":{"start":{"line":202,"column":30},"end":{"line":202,"column":66}},"line":202},"20":{"name":"(anonymous_20)","decl":{"start":{"line":211,"column":35},"end":{"line":211,"column":36}},"loc":{"start":{"line":211,"column":41},"end":{"line":211,"column":61}},"line":211},"21":{"name":"(anonymous_21)","decl":{"start":{"line":223,"column":23},"end":{"line":223,"column":24}},"loc":{"start":{"line":223,"column":29},"end":{"line":223,"column":57}},"line":223}},"branchMap":{"0":{"loc":{"start":{"line":55,"column":6},"end":{"line":55,"column":38}},"type":"binary-expr","locations":[{"start":{"line":55,"column":6},"end":{"line":55,"column":19}},{"start":{"line":55,"column":23},"end":{"line":55,"column":38}}],"line":55},"1":{"loc":{"start":{"line":61,"column":4},"end":{"line":61,"column":25}},"type":"if","locations":[{"start":{"line":61,"column":4},"end":{"line":61,"column":25}},{"start":{"line":61,"column":4},"end":{"line":61,"column":25}}],"line":61},"2":{"loc":{"start":{"line":77,"column":4},"end":{"line":77,"column":25}},"type":"if","locations":[{"start":{"line":77,"column":4},"end":{"line":77,"column":25}},{"start":{"line":77,"column":4},"end":{"line":77,"column":25}}],"line":77},"3":{"loc":{"start":{"line":131,"column":4},"end":{"line":136,"column":5}},"type":"if","locations":[{"start":{"line":131,"column":4},"end":{"line":136,"column":5}},{"start":{"line":131,"column":4},"end":{"line":136,"column":5}}],"line":131},"4":{"loc":{"start":{"line":132,"column":6},"end":{"line":133,"column":37}},"type":"binary-expr","locations":[{"start":{"line":132,"column":6},"end":{"line":132,"column":48}},{"start":{"line":133,"column":6},"end":{"line":133,"column":37}}],"line":132},"5":{"loc":{"start":{"line":155,"column":7},"end":{"line":163,"column":7}},"type":"binary-expr","locations":[{"start":{"line":155,"column":7},"end":{"line":155,"column":19}},{"start":{"line":156,"column":8},"end":{"line":162,"column":10}}],"line":155},"6":{"loc":{"start":{"line":177,"column":2},"end":{"line":177,"column":62}},"type":"if","locations":[{"start":{"line":177,"column":2},"end":{"line":177,"column":62}},{"start":{"line":177,"column":2},"end":{"line":177,"column":62}}],"line":177},"7":{"loc":{"start":{"line":177,"column":6},"end":{"line":177,"column":48}},"type":"binary-expr","locations":[{"start":{"line":177,"column":6},"end":{"line":177,"column":29}},{"start":{"line":177,"column":33},"end":{"line":177,"column":48}}],"line":177},"8":{"loc":{"start":{"line":218,"column":7},"end":{"line":228,"column":9}},"type":"binary-expr","locations":[{"start":{"line":218,"column":7},"end":{"line":218,"column":42}},{"start":{"line":219,"column":8},"end":{"line":219,"column":70}},{"start":{"line":220,"column":10},"end":{"line":227,"column":17}}],"line":218}},"s":{"0":1,"1":1,"2":1,"3":2,"4":2,"5":2,"6":4,"7":2,"8":2,"9":2,"10":1,"11":1,"12":0,"13":1,"14":1,"15":0,"16":2,"17":1,"18":1,"19":0,"20":1,"21":1,"22":0,"23":2,"24":1,"25":7,"26":7,"27":4,"28":2,"29":2,"30":7,"31":2,"32":7,"33":1,"34":1,"35":1,"36":2,"37":2,"38":2,"39":2,"40":1,"41":2,"42":1,"43":1,"44":1,"45":0,"46":0,"47":0,"48":0,"49":0,"50":1},"f":{"0":1,"1":2,"2":4,"3":2,"4":1,"5":1,"6":0,"7":1,"8":1,"9":0,"10":7,"11":4,"12":2,"13":1,"14":1,"15":2,"16":1,"17":0,"18":0,"19":0,"20":0,"21":0},"b":{"0":[2,2],"1":[0,1],"2":[0,1],"3":[2,2],"4":[4,3],"5":[7,2],"6":[1,1],"7":[2,1],"8":[1,1,1]},"_coverageSchema":"1a1c01bbd47fc00a2c39e90264f33305004495a9","hash":"4772a276bbb4c89425d8b9237eddd97c11bb41dd"}
,"/Users/eureyuri/Desktop/School/Columbia/CS/ASE/shiba/webapp/src/pages/Statistics/index.tsx": {"path":"/Users/eureyuri/Desktop/School/Columbia/CS/ASE/shiba/webapp/src/pages/Statistics/index.tsx","statementMap":{"0":{"start":{"line":16,"column":29},"end":{"line":29,"column":19}},"1":{"start":{"line":16,"column":52},"end":{"line":29,"column":1}},"2":{"start":{"line":33,"column":18},"end":{"line":53,"column":3}},"3":{"start":{"line":33,"column":36},"end":{"line":53,"column":1}},"4":{"start":{"line":55,"column":31},"end":{"line":106,"column":2}},"5":{"start":{"line":56,"column":17},"end":{"line":56,"column":41}},"6":{"start":{"line":57,"column":30},"end":{"line":57,"column":58}},"7":{"start":{"line":58,"column":27},"end":{"line":58,"column":50}},"8":{"start":{"line":59,"column":20},"end":{"line":59,"column":57}},"9":{"start":{"line":60,"column":18},"end":{"line":60,"column":29}},"10":{"start":{"line":62,"column":2},"end":{"line":65,"column":9}},"11":{"start":{"line":63,"column":4},"end":{"line":63,"column":43}},"12":{"start":{"line":64,"column":4},"end":{"line":64,"column":30}},"13":{"start":{"line":67,"column":2},"end":{"line":105,"column":4}},"14":{"start":{"line":74,"column":24},"end":{"line":74,"column":39}},"15":{"start":{"line":76,"column":25},"end":{"line":76,"column":26}},"16":{"start":{"line":77,"column":10},"end":{"line":79,"column":11}},"17":{"start":{"line":78,"column":12},"end":{"line":78,"column":53}},"18":{"start":{"line":81,"column":23},"end":{"line":81,"column":33}},"19":{"start":{"line":83,"column":10},"end":{"line":102,"column":12}},"20":{"start":{"line":88,"column":33},"end":{"line":88,"column":68}}},"fnMap":{"0":{"name":"(anonymous_0)","decl":{"start":{"line":16,"column":40},"end":{"line":16,"column":41}},"loc":{"start":{"line":16,"column":52},"end":{"line":29,"column":1}},"line":16},"1":{"name":"(anonymous_1)","decl":{"start":{"line":33,"column":29},"end":{"line":33,"column":30}},"loc":{"start":{"line":33,"column":36},"end":{"line":53,"column":1}},"line":33},"2":{"name":"(anonymous_2)","decl":{"start":{"line":55,"column":40},"end":{"line":55,"column":41}},"loc":{"start":{"line":55,"column":51},"end":{"line":106,"column":1}},"line":55},"3":{"name":"(anonymous_3)","decl":{"start":{"line":62,"column":12},"end":{"line":62,"column":13}},"loc":{"start":{"line":62,"column":18},"end":{"line":65,"column":3}},"line":62},"4":{"name":"(anonymous_4)","decl":{"start":{"line":74,"column":14},"end":{"line":74,"column":15}},"loc":{"start":{"line":74,"column":24},"end":{"line":74,"column":39}},"line":74},"5":{"name":"(anonymous_5)","decl":{"start":{"line":75,"column":13},"end":{"line":75,"column":14}},"loc":{"start":{"line":75,"column":23},"end":{"line":103,"column":9}},"line":75},"6":{"name":"(anonymous_6)","decl":{"start":{"line":88,"column":27},"end":{"line":88,"column":28}},"loc":{"start":{"line":88,"column":33},"end":{"line":88,"column":68}},"line":88}},"branchMap":{"0":{"loc":{"start":{"line":23,"column":25},"end":{"line":23,"column":67}},"type":"cond-expr","locations":[{"start":{"line":23,"column":58},"end":{"line":23,"column":61}},{"start":{"line":23,"column":64},"end":{"line":23,"column":67}}],"line":23},"1":{"loc":{"start":{"line":77,"column":10},"end":{"line":79,"column":11}},"type":"if","locations":[{"start":{"line":77,"column":10},"end":{"line":79,"column":11}},{"start":{"line":77,"column":10},"end":{"line":79,"column":11}}],"line":77},"2":{"loc":{"start":{"line":77,"column":14},"end":{"line":77,"column":53}},"type":"binary-expr","locations":[{"start":{"line":77,"column":14},"end":{"line":77,"column":36}},{"start":{"line":77,"column":40},"end":{"line":77,"column":53}}],"line":77},"3":{"loc":{"start":{"line":96,"column":17},"end":{"line":98,"column":17}},"type":"binary-expr","locations":[{"start":{"line":96,"column":17},"end":{"line":96,"column":32}},{"start":{"line":97,"column":18},"end":{"line":97,"column":68}}],"line":96}},"s":{"0":1,"1":1,"2":1,"3":1,"4":1,"5":2,"6":2,"7":2,"8":2,"9":2,"10":2,"11":1,"12":1,"13":2,"14":0,"15":1,"16":1,"17":1,"18":1,"19":1,"20":0},"f":{"0":1,"1":1,"2":2,"3":1,"4":0,"5":1,"6":0},"b":{"0":[1,0],"1":[1,0],"2":[1,1],"3":[1,1]},"_coverageSchema":"1a1c01bbd47fc00a2c39e90264f33305004495a9","hash":"06dac28e3d6a9dd21b7d82d0c3c5ab4805da1c4b"}
,"/Users/eureyuri/Desktop/School/Columbia/CS/ASE/shiba/webapp/src/pages/UserProfile/index.tsx": {"path":"/Users/eureyuri/Desktop/School/Columbia/CS/ASE/shiba/webapp/src/pages/UserProfile/index.tsx","statementMap":{"0":{"start":{"line":16,"column":18},"end":{"line":30,"column":3}},"1":{"start":{"line":16,"column":36},"end":{"line":30,"column":1}},"2":{"start":{"line":32,"column":24},"end":{"line":65,"column":2}},"3":{"start":{"line":33,"column":18},"end":{"line":33,"column":29}},"4":{"start":{"line":34,"column":2},"end":{"line":34,"column":42}},"5":{"start":{"line":34,"column":30},"end":{"line":34,"column":42}},"6":{"start":{"line":36,"column":23},"end":{"line":38,"column":3}},"7":{"start":{"line":37,"column":4},"end":{"line":37,"column":30}},"8":{"start":{"line":40,"column":24},"end":{"line":44,"column":3}},"9":{"start":{"line":41,"column":4},"end":{"line":41,"column":30}},"10":{"start":{"line":42,"column":4},"end":{"line":42,"column":42}},"11":{"start":{"line":43,"column":4},"end":{"line":43,"column":34}},"12":{"start":{"line":46,"column":2},"end":{"line":64,"column":4}}},"fnMap":{"0":{"name":"(anonymous_0)","decl":{"start":{"line":16,"column":29},"end":{"line":16,"column":30}},"loc":{"start":{"line":16,"column":36},"end":{"line":30,"column":1}},"line":16},"1":{"name":"(anonymous_1)","decl":{"start":{"line":32,"column":33},"end":{"line":32,"column":34}},"loc":{"start":{"line":32,"column":39},"end":{"line":65,"column":1}},"line":32},"2":{"name":"(anonymous_2)","decl":{"start":{"line":36,"column":23},"end":{"line":36,"column":24}},"loc":{"start":{"line":36,"column":44},"end":{"line":38,"column":3}},"line":36},"3":{"name":"(anonymous_3)","decl":{"start":{"line":40,"column":24},"end":{"line":40,"column":25}},"loc":{"start":{"line":40,"column":30},"end":{"line":44,"column":3}},"line":40}},"branchMap":{"0":{"loc":{"start":{"line":34,"column":2},"end":{"line":34,"column":42}},"type":"if","locations":[{"start":{"line":34,"column":2},"end":{"line":34,"column":42}},{"start":{"line":34,"column":2},"end":{"line":34,"column":42}}],"line":34}},"s":{"0":1,"1":2,"2":1,"3":2,"4":2,"5":0,"6":2,"7":0,"8":2,"9":1,"10":1,"11":1,"12":2},"f":{"0":2,"1":2,"2":0,"3":1},"b":{"0":[0,2]},"_coverageSchema":"1a1c01bbd47fc00a2c39e90264f33305004495a9","hash":"61126503c18e9aae6069c25c33a13c1308601796"}
,"/Users/eureyuri/Desktop/School/Columbia/CS/ASE/shiba/webapp/src/pages/Voting/index.tsx": {"path":"/Users/eureyuri/Desktop/School/Columbia/CS/ASE/shiba/webapp/src/pages/Voting/index.tsx","statementMap":{"0":{"start":{"line":32,"column":28},"end":{"line":72,"column":3}},"1":{"start":{"line":32,"column":46},"end":{"line":72,"column":1}},"2":{"start":{"line":74,"column":40},"end":{"line":111,"column":1}},"3":{"start":{"line":75,"column":18},"end":{"line":75,"column":39}},"4":{"start":{"line":76,"column":23},"end":{"line":76,"column":51}},"5":{"start":{"line":77,"column":22},"end":{"line":81,"column":3}},"6":{"start":{"line":78,"column":4},"end":{"line":78,"column":48}},"7":{"start":{"line":78,"column":41},"end":{"line":78,"column":48}},"8":{"start":{"line":79,"column":20},"end":{"line":79,"column":33}},"9":{"start":{"line":80,"column":4},"end":{"line":80,"column":36}},"10":{"start":{"line":83,"column":2},"end":{"line":110,"column":4}},"11":{"start":{"line":86,"column":8},"end":{"line":107,"column":14}},"12":{"start":{"line":89,"column":30},"end":{"line":89,"column":59}},"13":{"start":{"line":100,"column":20},"end":{"line":100,"column":56}},"14":{"start":{"line":113,"column":24},"end":{"line":135,"column":3}},"15":{"start":{"line":113,"column":47},"end":{"line":135,"column":1}},"16":{"start":{"line":142,"column":32},"end":{"line":156,"column":3}},"17":{"start":{"line":142,"column":50},"end":{"line":156,"column":1}},"18":{"start":{"line":158,"column":48},"end":{"line":167,"column":1}},"19":{"start":{"line":159,"column":18},"end":{"line":159,"column":43}},"20":{"start":{"line":161,"column":2},"end":{"line":166,"column":4}},"21":{"start":{"line":177,"column":44},"end":{"line":225,"column":1}},"22":{"start":{"line":178,"column":18},"end":{"line":178,"column":35}},"23":{"start":{"line":180,"column":18},"end":{"line":182,"column":3}},"24":{"start":{"line":181,"column":4},"end":{"line":181,"column":66}},"25":{"start":{"line":184,"column":16},"end":{"line":184,"column":27}},"26":{"start":{"line":186,"column":4},"end":{"line":186,"column":53}},"27":{"start":{"line":188,"column":2},"end":{"line":224,"column":4}},"28":{"start":{"line":209,"column":27},"end":{"line":209,"column":71}},"29":{"start":{"line":215,"column":27},"end":{"line":215,"column":72}},"30":{"start":{"line":232,"column":44},"end":{"line":329,"column":1}},"31":{"start":{"line":233,"column":18},"end":{"line":233,"column":35}},"32":{"start":{"line":234,"column":42},"end":{"line":234,"column":53}},"33":{"start":{"line":236,"column":16},"end":{"line":236,"column":27}},"34":{"start":{"line":237,"column":2},"end":{"line":255,"column":3}},"35":{"start":{"line":238,"column":4},"end":{"line":254,"column":6}},"36":{"start":{"line":257,"column":2},"end":{"line":275,"column":3}},"37":{"start":{"line":258,"column":17},"end":{"line":258,"column":25}},"38":{"start":{"line":260,"column":4},"end":{"line":274,"column":6}},"39":{"start":{"line":277,"column":18},"end":{"line":291,"column":3}},"40":{"start":{"line":278,"column":4},"end":{"line":290,"column":7}},"41":{"start":{"line":279,"column":21},"end":{"line":279,"column":66}},"42":{"start":{"line":280,"column":18},"end":{"line":280,"column":30}},"43":{"start":{"line":281,"column":6},"end":{"line":283,"column":7}},"44":{"start":{"line":282,"column":8},"end":{"line":282,"column":24}},"45":{"start":{"line":285,"column":6},"end":{"line":287,"column":7}},"46":{"start":{"line":286,"column":8},"end":{"line":286,"column":24}},"47":{"start":{"line":289,"column":6},"end":{"line":289,"column":22}},"48":{"start":{"line":293,"column":23},"end":{"line":296,"column":3}},"49":{"start":{"line":298,"column":2},"end":{"line":328,"column":4}},"50":{"start":{"line":315,"column":27},"end":{"line":315,"column":42}},"51":{"start":{"line":320,"column":27},"end":{"line":320,"column":43}},"52":{"start":{"line":333,"column":27},"end":{"line":398,"column":2}},"53":{"start":{"line":334,"column":17},"end":{"line":334,"column":41}},"54":{"start":{"line":335,"column":26},"end":{"line":335,"column":50}},"55":{"start":{"line":336,"column":24},"end":{"line":336,"column":52}},"56":{"start":{"line":337,"column":28},"end":{"line":337,"column":51}},"57":{"start":{"line":340,"column":2},"end":{"line":344,"column":9}},"58":{"start":{"line":341,"column":4},"end":{"line":341,"column":34}},"59":{"start":{"line":342,"column":4},"end":{"line":342,"column":37}},"60":{"start":{"line":343,"column":4},"end":{"line":343,"column":31}},"61":{"start":{"line":347,"column":2},"end":{"line":359,"column":72}},"62":{"start":{"line":348,"column":4},"end":{"line":350,"column":5}},"63":{"start":{"line":349,"column":6},"end":{"line":349,"column":13}},"64":{"start":{"line":352,"column":21},"end":{"line":356,"column":12}},"65":{"start":{"line":353,"column":6},"end":{"line":353,"column":36}},"66":{"start":{"line":354,"column":6},"end":{"line":354,"column":33}},"67":{"start":{"line":355,"column":6},"end":{"line":355,"column":39}},"68":{"start":{"line":358,"column":4},"end":{"line":358,"column":41}},"69":{"start":{"line":358,"column":17},"end":{"line":358,"column":40}},"70":{"start":{"line":361,"column":23},"end":{"line":361,"column":45}},"71":{"start":{"line":362,"column":2},"end":{"line":362,"column":40}},"72":{"start":{"line":362,"column":28},"end":{"line":362,"column":40}},"73":{"start":{"line":364,"column":22},"end":{"line":364,"column":72}},"74":{"start":{"line":364,"column":28},"end":{"line":364,"column":72}},"75":{"start":{"line":366,"column":2},"end":{"line":397,"column":4}},"76":{"start":{"line":372,"column":27},"end":{"line":372,"column":73}},"77":{"start":{"line":383,"column":27},"end":{"line":383,"column":64}},"78":{"start":{"line":384,"column":24},"end":{"line":384,"column":31}},"79":{"start":{"line":391,"column":38},"end":{"line":391,"column":74}},"80":{"start":{"line":393,"column":27},"end":{"line":393,"column":69}},"81":{"start":{"line":400,"column":29},"end":{"line":403,"column":1}}},"fnMap":{"0":{"name":"(anonymous_0)","decl":{"start":{"line":32,"column":39},"end":{"line":32,"column":40}},"loc":{"start":{"line":32,"column":46},"end":{"line":72,"column":1}},"line":32},"1":{"name":"(anonymous_1)","decl":{"start":{"line":74,"column":40},"end":{"line":74,"column":41}},"loc":{"start":{"line":74,"column":51},"end":{"line":111,"column":1}},"line":74},"2":{"name":"(anonymous_2)","decl":{"start":{"line":77,"column":22},"end":{"line":77,"column":23}},"loc":{"start":{"line":77,"column":55},"end":{"line":81,"column":3}},"line":77},"3":{"name":"(anonymous_3)","decl":{"start":{"line":85,"column":23},"end":{"line":85,"column":24}},"loc":{"start":{"line":86,"column":8},"end":{"line":107,"column":14}},"line":86},"4":{"name":"(anonymous_4)","decl":{"start":{"line":89,"column":21},"end":{"line":89,"column":22}},"loc":{"start":{"line":89,"column":30},"end":{"line":89,"column":59}},"line":89},"5":{"name":"(anonymous_5)","decl":{"start":{"line":99,"column":27},"end":{"line":99,"column":28}},"loc":{"start":{"line":99,"column":33},"end":{"line":101,"column":19}},"line":99},"6":{"name":"(anonymous_6)","decl":{"start":{"line":113,"column":35},"end":{"line":113,"column":36}},"loc":{"start":{"line":113,"column":47},"end":{"line":135,"column":1}},"line":113},"7":{"name":"(anonymous_7)","decl":{"start":{"line":142,"column":43},"end":{"line":142,"column":44}},"loc":{"start":{"line":142,"column":50},"end":{"line":156,"column":1}},"line":142},"8":{"name":"(anonymous_8)","decl":{"start":{"line":158,"column":48},"end":{"line":158,"column":49}},"loc":{"start":{"line":158,"column":59},"end":{"line":167,"column":1}},"line":158},"9":{"name":"(anonymous_9)","decl":{"start":{"line":177,"column":44},"end":{"line":177,"column":45}},"loc":{"start":{"line":177,"column":55},"end":{"line":225,"column":1}},"line":177},"10":{"name":"(anonymous_10)","decl":{"start":{"line":180,"column":18},"end":{"line":180,"column":19}},"loc":{"start":{"line":180,"column":55},"end":{"line":182,"column":3}},"line":180},"11":{"name":"(anonymous_11)","decl":{"start":{"line":209,"column":21},"end":{"line":209,"column":22}},"loc":{"start":{"line":209,"column":27},"end":{"line":209,"column":71}},"line":209},"12":{"name":"(anonymous_12)","decl":{"start":{"line":215,"column":21},"end":{"line":215,"column":22}},"loc":{"start":{"line":215,"column":27},"end":{"line":215,"column":72}},"line":215},"13":{"name":"(anonymous_13)","decl":{"start":{"line":232,"column":44},"end":{"line":232,"column":45}},"loc":{"start":{"line":232,"column":55},"end":{"line":329,"column":1}},"line":232},"14":{"name":"(anonymous_14)","decl":{"start":{"line":277,"column":18},"end":{"line":277,"column":19}},"loc":{"start":{"line":277,"column":41},"end":{"line":291,"column":3}},"line":277},"15":{"name":"(anonymous_15)","decl":{"start":{"line":278,"column":20},"end":{"line":278,"column":21}},"loc":{"start":{"line":278,"column":38},"end":{"line":290,"column":5}},"line":278},"16":{"name":"(anonymous_16)","decl":{"start":{"line":315,"column":21},"end":{"line":315,"column":22}},"loc":{"start":{"line":315,"column":27},"end":{"line":315,"column":42}},"line":315},"17":{"name":"(anonymous_17)","decl":{"start":{"line":320,"column":21},"end":{"line":320,"column":22}},"loc":{"start":{"line":320,"column":27},"end":{"line":320,"column":43}},"line":320},"18":{"name":"(anonymous_18)","decl":{"start":{"line":333,"column":36},"end":{"line":333,"column":37}},"loc":{"start":{"line":333,"column":47},"end":{"line":398,"column":1}},"line":333},"19":{"name":"(anonymous_19)","decl":{"start":{"line":340,"column":12},"end":{"line":340,"column":13}},"loc":{"start":{"line":340,"column":18},"end":{"line":344,"column":3}},"line":340},"20":{"name":"(anonymous_20)","decl":{"start":{"line":347,"column":12},"end":{"line":347,"column":13}},"loc":{"start":{"line":347,"column":18},"end":{"line":359,"column":3}},"line":347},"21":{"name":"(anonymous_21)","decl":{"start":{"line":352,"column":33},"end":{"line":352,"column":34}},"loc":{"start":{"line":352,"column":39},"end":{"line":356,"column":5}},"line":352},"22":{"name":"(anonymous_22)","decl":{"start":{"line":358,"column":11},"end":{"line":358,"column":12}},"loc":{"start":{"line":358,"column":17},"end":{"line":358,"column":40}},"line":358},"23":{"name":"(anonymous_23)","decl":{"start":{"line":364,"column":22},"end":{"line":364,"column":23}},"loc":{"start":{"line":364,"column":28},"end":{"line":364,"column":72}},"line":364},"24":{"name":"(anonymous_24)","decl":{"start":{"line":372,"column":21},"end":{"line":372,"column":22}},"loc":{"start":{"line":372,"column":27},"end":{"line":372,"column":73}},"line":372},"25":{"name":"(anonymous_25)","decl":{"start":{"line":383,"column":20},"end":{"line":383,"column":21}},"loc":{"start":{"line":383,"column":27},"end":{"line":383,"column":64}},"line":383},"26":{"name":"(anonymous_26)","decl":{"start":{"line":384,"column":17},"end":{"line":384,"column":18}},"loc":{"start":{"line":384,"column":24},"end":{"line":384,"column":31}},"line":384},"27":{"name":"(anonymous_27)","decl":{"start":{"line":391,"column":18},"end":{"line":391,"column":19}},"loc":{"start":{"line":391,"column":38},"end":{"line":391,"column":74}},"line":391},"28":{"name":"(anonymous_28)","decl":{"start":{"line":393,"column":21},"end":{"line":393,"column":22}},"loc":{"start":{"line":393,"column":27},"end":{"line":393,"column":69}},"line":393}},"branchMap":{"0":{"loc":{"start":{"line":78,"column":4},"end":{"line":78,"column":48}},"type":"if","locations":[{"start":{"line":78,"column":4},"end":{"line":78,"column":48}},{"start":{"line":78,"column":4},"end":{"line":78,"column":48}}],"line":78},"1":{"loc":{"start":{"line":78,"column":8},"end":{"line":78,"column":39}},"type":"binary-expr","locations":[{"start":{"line":78,"column":8},"end":{"line":78,"column":21}},{"start":{"line":78,"column":25},"end":{"line":78,"column":39}}],"line":78},"2":{"loc":{"start":{"line":80,"column":4},"end":{"line":80,"column":35}},"type":"binary-expr","locations":[{"start":{"line":80,"column":4},"end":{"line":80,"column":11}},{"start":{"line":80,"column":15},"end":{"line":80,"column":35}}],"line":80},"3":{"loc":{"start":{"line":181,"column":23},"end":{"line":181,"column":64}},"type":"cond-expr","locations":[{"start":{"line":181,"column":46},"end":{"line":181,"column":52}},{"start":{"line":181,"column":55},"end":{"line":181,"column":64}}],"line":181},"4":{"loc":{"start":{"line":186,"column":4},"end":{"line":186,"column":53}},"type":"cond-expr","locations":[{"start":{"line":186,"column":23},"end":{"line":186,"column":46}},{"start":{"line":186,"column":49},"end":{"line":186,"column":53}}],"line":186},"5":{"loc":{"start":{"line":191,"column":8},"end":{"line":199,"column":9}},"type":"cond-expr","locations":[{"start":{"line":192,"column":10},"end":{"line":192,"column":56}},{"start":{"line":194,"column":10},"end":{"line":198,"column":20}}],"line":191},"6":{"loc":{"start":{"line":195,"column":13},"end":{"line":197,"column":47}},"type":"cond-expr","locations":[{"start":{"line":196,"column":16},"end":{"line":196,"column":87}},{"start":{"line":197,"column":16},"end":{"line":197,"column":47}}],"line":195},"7":{"loc":{"start":{"line":209,"column":27},"end":{"line":209,"column":71}},"type":"binary-expr","locations":[{"start":{"line":209,"column":27},"end":{"line":209,"column":35}},{"start":{"line":209,"column":39},"end":{"line":209,"column":71}}],"line":209},"8":{"loc":{"start":{"line":212,"column":23},"end":{"line":212,"column":56}},"type":"binary-expr","locations":[{"start":{"line":212,"column":23},"end":{"line":212,"column":31}},{"start":{"line":212,"column":35},"end":{"line":212,"column":56}}],"line":212},"9":{"loc":{"start":{"line":215,"column":27},"end":{"line":215,"column":72}},"type":"binary-expr","locations":[{"start":{"line":215,"column":27},"end":{"line":215,"column":35}},{"start":{"line":215,"column":39},"end":{"line":215,"column":72}}],"line":215},"10":{"loc":{"start":{"line":218,"column":23},"end":{"line":218,"column":53}},"type":"binary-expr","locations":[{"start":{"line":218,"column":23},"end":{"line":218,"column":31}},{"start":{"line":218,"column":35},"end":{"line":218,"column":53}}],"line":218},"11":{"loc":{"start":{"line":237,"column":2},"end":{"line":255,"column":3}},"type":"if","locations":[{"start":{"line":237,"column":2},"end":{"line":255,"column":3}},{"start":{"line":237,"column":2},"end":{"line":255,"column":3}}],"line":237},"12":{"loc":{"start":{"line":257,"column":2},"end":{"line":275,"column":3}},"type":"if","locations":[{"start":{"line":257,"column":2},"end":{"line":275,"column":3}},{"start":{"line":257,"column":2},"end":{"line":275,"column":3}}],"line":257},"13":{"loc":{"start":{"line":279,"column":37},"end":{"line":279,"column":65}},"type":"cond-expr","locations":[{"start":{"line":279,"column":59},"end":{"line":279,"column":61}},{"start":{"line":279,"column":64},"end":{"line":279,"column":65}}],"line":279},"14":{"loc":{"start":{"line":281,"column":6},"end":{"line":283,"column":7}},"type":"if","locations":[{"start":{"line":281,"column":6},"end":{"line":283,"column":7}},{"start":{"line":281,"column":6},"end":{"line":283,"column":7}}],"line":281},"15":{"loc":{"start":{"line":285,"column":6},"end":{"line":287,"column":7}},"type":"if","locations":[{"start":{"line":285,"column":6},"end":{"line":287,"column":7}},{"start":{"line":285,"column":6},"end":{"line":287,"column":7}}],"line":285},"16":{"loc":{"start":{"line":348,"column":4},"end":{"line":350,"column":5}},"type":"if","locations":[{"start":{"line":348,"column":4},"end":{"line":350,"column":5}},{"start":{"line":348,"column":4},"end":{"line":350,"column":5}}],"line":348},"17":{"loc":{"start":{"line":348,"column":8},"end":{"line":348,"column":77}},"type":"binary-expr","locations":[{"start":{"line":348,"column":8},"end":{"line":348,"column":38}},{"start":{"line":348,"column":42},"end":{"line":348,"column":77}}],"line":348},"18":{"loc":{"start":{"line":362,"column":2},"end":{"line":362,"column":40}},"type":"if","locations":[{"start":{"line":362,"column":2},"end":{"line":362,"column":40}},{"start":{"line":362,"column":2},"end":{"line":362,"column":40}}],"line":362},"19":{"loc":{"start":{"line":380,"column":7},"end":{"line":395,"column":7}},"type":"cond-expr","locations":[{"start":{"line":381,"column":8},"end":{"line":386,"column":10}},{"start":{"line":388,"column":8},"end":{"line":394,"column":10}}],"line":380}},"s":{"0":1,"1":12,"2":1,"3":24,"4":24,"5":24,"6":4,"7":2,"8":2,"9":2,"10":24,"11":35,"12":4,"13":1,"14":1,"15":14,"16":1,"17":14,"18":1,"19":29,"20":29,"21":1,"22":12,"23":12,"24":2,"25":12,"26":12,"27":12,"28":1,"29":1,"30":1,"31":17,"32":17,"33":17,"34":17,"35":2,"36":15,"37":4,"38":4,"39":11,"40":4,"41":4,"42":4,"43":4,"44":2,"45":4,"46":0,"47":4,"48":11,"49":11,"50":1,"51":1,"52":1,"53":18,"54":18,"55":18,"56":18,"57":18,"58":6,"59":6,"60":6,"61":18,"62":14,"63":13,"64":1,"65":0,"66":0,"67":0,"68":1,"69":1,"70":18,"71":18,"72":1,"73":17,"74":0,"75":17,"76":1,"77":10,"78":8,"79":0,"80":0,"81":1},"f":{"0":12,"1":24,"2":4,"3":35,"4":4,"5":1,"6":14,"7":14,"8":29,"9":12,"10":2,"11":1,"12":1,"13":17,"14":4,"15":4,"16":1,"17":1,"18":18,"19":6,"20":14,"21":0,"22":1,"23":0,"24":1,"25":10,"26":8,"27":0,"28":0},"b":{"0":[2,2],"1":[4,3],"2":[2,2],"3":[1,1],"4":[9,3],"5":[9,3],"6":[1,2],"7":[1,1],"8":[12,9],"9":[1,1],"10":[12,9],"11":[2,15],"12":[4,11],"13":[2,2],"14":[2,2],"15":[0,4],"16":[13,1],"17":[14,1],"18":[1,17],"19":[8,9]},"_coverageSchema":"1a1c01bbd47fc00a2c39e90264f33305004495a9","hash":"381030e64bc963d271902145996aeb838380be55"}
,"/Users/eureyuri/Desktop/School/Columbia/CS/ASE/shiba/webapp/src/stores/group-store.ts": {"path":"/Users/eureyuri/Desktop/School/Columbia/CS/ASE/shiba/webapp/src/stores/group-store.ts","statementMap":{"0":{"start":{"line":9,"column":26},"end":{"line":9,"column":28}},"1":{"start":{"line":10,"column":27},"end":{"line":10,"column":29}},"2":{"start":{"line":11,"column":17},"end":{"line":11,"column":53}},"3":{"start":{"line":14,"column":4},"end":{"line":14,"column":29}},"4":{"start":{"line":18,"column":4},"end":{"line":24,"column":6}},"5":{"start":{"line":28,"column":4},"end":{"line":34,"column":6}},"6":{"start":{"line":38,"column":4},"end":{"line":40,"column":7}},"7":{"start":{"line":42,"column":4},"end":{"line":42,"column":36}},"8":{"start":{"line":46,"column":4},"end":{"line":50,"column":6}},"9":{"start":{"line":49,"column":14},"end":{"line":49,"column":39}},"10":{"start":{"line":55,"column":23},"end":{"line":55,"column":27}},"11":{"start":{"line":58,"column":4},"end":{"line":58,"column":29}},"12":{"start":{"line":62,"column":4},"end":{"line":65,"column":6}},"13":{"start":{"line":69,"column":4},"end":{"line":71,"column":7}},"14":{"start":{"line":73,"column":4},"end":{"line":73,"column":18}},"15":{"start":{"line":77,"column":4},"end":{"line":77,"column":67}},"16":{"start":{"line":78,"column":4},"end":{"line":78,"column":18}},"17":{"start":{"line":82,"column":4},"end":{"line":84,"column":7}},"18":{"start":{"line":86,"column":4},"end":{"line":86,"column":18}},"19":{"start":{"line":90,"column":4},"end":{"line":92,"column":6}},"20":{"start":{"line":94,"column":4},"end":{"line":94,"column":24}},"21":{"start":{"line":98,"column":4},"end":{"line":100,"column":7}},"22":{"start":{"line":102,"column":4},"end":{"line":102,"column":24}},"23":{"start":{"line":106,"column":26},"end":{"line":106,"column":42}}},"fnMap":{"0":{"name":"(anonymous_0)","decl":{"start":{"line":13,"column":2},"end":{"line":13,"column":3}},"loc":{"start":{"line":13,"column":16},"end":{"line":15,"column":3}},"line":13},"1":{"name":"(anonymous_1)","decl":{"start":{"line":17,"column":2},"end":{"line":17,"column":3}},"loc":{"start":{"line":17,"column":44},"end":{"line":25,"column":3}},"line":17},"2":{"name":"(anonymous_2)","decl":{"start":{"line":27,"column":2},"end":{"line":27,"column":3}},"loc":{"start":{"line":27,"column":45},"end":{"line":35,"column":3}},"line":27},"3":{"name":"(anonymous_3)","decl":{"start":{"line":37,"column":2},"end":{"line":37,"column":3}},"loc":{"start":{"line":37,"column":49},"end":{"line":43,"column":3}},"line":37},"4":{"name":"(anonymous_4)","decl":{"start":{"line":45,"column":2},"end":{"line":45,"column":3}},"loc":{"start":{"line":45,"column":38},"end":{"line":51,"column":3}},"line":45},"5":{"name":"(anonymous_5)","decl":{"start":{"line":49,"column":6},"end":{"line":49,"column":7}},"loc":{"start":{"line":49,"column":14},"end":{"line":49,"column":39}},"line":49},"6":{"name":"(anonymous_6)","decl":{"start":{"line":57,"column":2},"end":{"line":57,"column":3}},"loc":{"start":{"line":57,"column":38},"end":{"line":59,"column":3}},"line":57},"7":{"name":"(anonymous_7)","decl":{"start":{"line":61,"column":2},"end":{"line":61,"column":3}},"loc":{"start":{"line":61,"column":17},"end":{"line":66,"column":3}},"line":61},"8":{"name":"(anonymous_8)","decl":{"start":{"line":68,"column":2},"end":{"line":68,"column":3}},"loc":{"start":{"line":68,"column":35},"end":{"line":74,"column":3}},"line":68},"9":{"name":"(anonymous_9)","decl":{"start":{"line":76,"column":2},"end":{"line":76,"column":3}},"loc":{"start":{"line":76,"column":15},"end":{"line":79,"column":3}},"line":76},"10":{"name":"(anonymous_10)","decl":{"start":{"line":81,"column":2},"end":{"line":81,"column":3}},"loc":{"start":{"line":81,"column":19},"end":{"line":87,"column":3}},"line":81},"11":{"name":"(anonymous_11)","decl":{"start":{"line":89,"column":2},"end":{"line":89,"column":3}},"loc":{"start":{"line":89,"column":47},"end":{"line":95,"column":3}},"line":89},"12":{"name":"(anonymous_12)","decl":{"start":{"line":97,"column":2},"end":{"line":97,"column":3}},"loc":{"start":{"line":97,"column":50},"end":{"line":103,"column":3}},"line":97}},"branchMap":{},"s":{"0":10,"1":10,"2":10,"3":10,"4":2,"5":1,"6":1,"7":1,"8":6,"9":6,"10":6,"11":6,"12":6,"13":1,"14":1,"15":1,"16":1,"17":1,"18":1,"19":1,"20":1,"21":1,"22":1,"23":1},"f":{"0":10,"1":2,"2":1,"3":1,"4":6,"5":6,"6":6,"7":6,"8":1,"9":1,"10":1,"11":1,"12":1},"b":{},"_coverageSchema":"1a1c01bbd47fc00a2c39e90264f33305004495a9","hash":"b9242dca4e3adc12d21c616236e9aea0d6483465"}
,"/Users/eureyuri/Desktop/School/Columbia/CS/ASE/shiba/webapp/src/stores/item-store.ts": {"path":"/Users/eureyuri/Desktop/School/Columbia/CS/ASE/shiba/webapp/src/stores/item-store.ts","statementMap":{"0":{"start":{"line":12,"column":18},"end":{"line":12,"column":50}},"1":{"start":{"line":15,"column":4},"end":{"line":15,"column":29}},"2":{"start":{"line":19,"column":4},"end":{"line":19,"column":70}},"3":{"start":{"line":19,"column":47},"end":{"line":19,"column":68}},"4":{"start":{"line":24,"column":21},"end":{"line":24,"column":50}},"5":{"start":{"line":25,"column":18},"end":{"line":25,"column":47}},"6":{"start":{"line":26,"column":9},"end":{"line":26,"column":11}},"7":{"start":{"line":29,"column":4},"end":{"line":29,"column":29}},"8":{"start":{"line":34,"column":6},"end":{"line":34,"column":71}},"9":{"start":{"line":35,"column":4},"end":{"line":35,"column":36}},"10":{"start":{"line":43,"column":4},"end":{"line":43,"column":21}},"11":{"start":{"line":45,"column":17},"end":{"line":45,"column":72}},"12":{"start":{"line":46,"column":4},"end":{"line":46,"column":17}},"13":{"start":{"line":49,"column":26},"end":{"line":49,"column":69}},"14":{"start":{"line":50,"column":4},"end":{"line":55,"column":5}},"15":{"start":{"line":51,"column":23},"end":{"line":51,"column":28}},"16":{"start":{"line":52,"column":6},"end":{"line":52,"column":84}},"17":{"start":{"line":54,"column":6},"end":{"line":54,"column":107}},"18":{"start":{"line":57,"column":21},"end":{"line":57,"column":62}},"19":{"start":{"line":58,"column":4},"end":{"line":60,"column":5}},"20":{"start":{"line":59,"column":6},"end":{"line":59,"column":13}},"21":{"start":{"line":62,"column":4},"end":{"line":66,"column":6}},"22":{"start":{"line":64,"column":8},"end":{"line":65,"column":55}},"23":{"start":{"line":70,"column":4},"end":{"line":73,"column":7}},"24":{"start":{"line":77,"column":4},"end":{"line":82,"column":5}},"25":{"start":{"line":78,"column":20},"end":{"line":78,"column":34}},"26":{"start":{"line":79,"column":6},"end":{"line":81,"column":7}},"27":{"start":{"line":80,"column":8},"end":{"line":80,"column":21}},"28":{"start":{"line":83,"column":4},"end":{"line":83,"column":16}},"29":{"start":{"line":87,"column":25},"end":{"line":87,"column":40}}},"fnMap":{"0":{"name":"(anonymous_0)","decl":{"start":{"line":14,"column":2},"end":{"line":14,"column":3}},"loc":{"start":{"line":14,"column":16},"end":{"line":16,"column":3}},"line":14},"1":{"name":"(anonymous_1)","decl":{"start":{"line":18,"column":2},"end":{"line":18,"column":3}},"loc":{"start":{"line":18,"column":34},"end":{"line":20,"column":3}},"line":18},"2":{"name":"(anonymous_2)","decl":{"start":{"line":19,"column":39},"end":{"line":19,"column":40}},"loc":{"start":{"line":19,"column":47},"end":{"line":19,"column":68}},"line":19},"3":{"name":"(anonymous_3)","decl":{"start":{"line":28,"column":2},"end":{"line":28,"column":3}},"loc":{"start":{"line":28,"column":37},"end":{"line":30,"column":3}},"line":28},"4":{"name":"(anonymous_4)","decl":{"start":{"line":32,"column":2},"end":{"line":32,"column":3}},"loc":{"start":{"line":32,"column":28},"end":{"line":36,"column":3}},"line":32},"5":{"name":"(anonymous_5)","decl":{"start":{"line":38,"column":2},"end":{"line":38,"column":3}},"loc":{"start":{"line":42,"column":19},"end":{"line":67,"column":3}},"line":42},"6":{"name":"(anonymous_6)","decl":{"start":{"line":63,"column":6},"end":{"line":63,"column":7}},"loc":{"start":{"line":64,"column":8},"end":{"line":65,"column":55}},"line":64},"7":{"name":"(anonymous_7)","decl":{"start":{"line":69,"column":2},"end":{"line":69,"column":3}},"loc":{"start":{"line":69,"column":49},"end":{"line":74,"column":3}},"line":69},"8":{"name":"(anonymous_8)","decl":{"start":{"line":76,"column":2},"end":{"line":76,"column":3}},"loc":{"start":{"line":76,"column":64},"end":{"line":84,"column":3}},"line":76}},"branchMap":{"0":{"loc":{"start":{"line":34,"column":6},"end":{"line":34,"column":71}},"type":"cond-expr","locations":[{"start":{"line":34,"column":29},"end":{"line":34,"column":47}},{"start":{"line":34,"column":50},"end":{"line":34,"column":71}}],"line":34},"1":{"loc":{"start":{"line":45,"column":17},"end":{"line":45,"column":72}},"type":"cond-expr","locations":[{"start":{"line":45,"column":30},"end":{"line":45,"column":51}},{"start":{"line":45,"column":54},"end":{"line":45,"column":72}}],"line":45},"2":{"loc":{"start":{"line":49,"column":26},"end":{"line":49,"column":69}},"type":"cond-expr","locations":[{"start":{"line":49,"column":44},"end":{"line":49,"column":64}},{"start":{"line":49,"column":67},"end":{"line":49,"column":69}}],"line":49},"3":{"loc":{"start":{"line":50,"column":4},"end":{"line":55,"column":5}},"type":"if","locations":[{"start":{"line":50,"column":4},"end":{"line":55,"column":5}},{"start":{"line":50,"column":4},"end":{"line":55,"column":5}}],"line":50},"4":{"loc":{"start":{"line":50,"column":8},"end":{"line":50,"column":43}},"type":"binary-expr","locations":[{"start":{"line":50,"column":8},"end":{"line":50,"column":23}},{"start":{"line":50,"column":27},"end":{"line":50,"column":43}}],"line":50},"5":{"loc":{"start":{"line":58,"column":4},"end":{"line":60,"column":5}},"type":"if","locations":[{"start":{"line":58,"column":4},"end":{"line":60,"column":5}},{"start":{"line":58,"column":4},"end":{"line":60,"column":5}}],"line":58},"6":{"loc":{"start":{"line":64,"column":8},"end":{"line":65,"column":55}},"type":"binary-expr","locations":[{"start":{"line":64,"column":8},"end":{"line":64,"column":39}},{"start":{"line":65,"column":8},"end":{"line":65,"column":55}}],"line":64},"7":{"loc":{"start":{"line":79,"column":6},"end":{"line":81,"column":7}},"type":"if","locations":[{"start":{"line":79,"column":6},"end":{"line":81,"column":7}},{"start":{"line":79,"column":6},"end":{"line":81,"column":7}}],"line":79},"8":{"loc":{"start":{"line":79,"column":10},"end":{"line":79,"column":60}},"type":"binary-expr","locations":[{"start":{"line":79,"column":10},"end":{"line":79,"column":32}},{"start":{"line":79,"column":36},"end":{"line":79,"column":60}}],"line":79}},"s":{"0":5,"1":5,"2":4,"3":4,"4":4,"5":4,"6":4,"7":4,"8":3,"9":3,"10":3,"11":3,"12":3,"13":3,"14":3,"15":1,"16":1,"17":2,"18":3,"19":3,"20":1,"21":2,"22":2,"23":1,"24":2,"25":2,"26":2,"27":1,"28":1,"29":1},"f":{"0":5,"1":4,"2":4,"3":4,"4":3,"5":3,"6":2,"7":1,"8":2},"b":{"0":[2,1],"1":[1,2],"2":[2,1],"3":[1,2],"4":[3,1],"5":[1,2],"6":[2,1],"7":[1,1],"8":[2,1]},"_coverageSchema":"1a1c01bbd47fc00a2c39e90264f33305004495a9","hash":"be8b3f737efd76e18772eba71cef68ef97dc8c1a"}
,"/Users/eureyuri/Desktop/School/Columbia/CS/ASE/shiba/webapp/src/stores/statistics-store.ts": {"path":"/Users/eureyuri/Desktop/School/Columbia/CS/ASE/shiba/webapp/src/stores/statistics-store.ts","statementMap":{"0":{"start":{"line":9,"column":21},"end":{"line":9,"column":61}},"1":{"start":{"line":12,"column":4},"end":{"line":12,"column":29}},"2":{"start":{"line":16,"column":4},"end":{"line":20,"column":6}},"3":{"start":{"line":19,"column":14},"end":{"line":19,"column":43}},"4":{"start":{"line":25,"column":29},"end":{"line":25,"column":31}},"5":{"start":{"line":28,"column":4},"end":{"line":28,"column":29}},"6":{"start":{"line":32,"column":4},"end":{"line":38,"column":6}},"7":{"start":{"line":42,"column":31},"end":{"line":42,"column":52}}},"fnMap":{"0":{"name":"(anonymous_0)","decl":{"start":{"line":11,"column":2},"end":{"line":11,"column":3}},"loc":{"start":{"line":11,"column":16},"end":{"line":13,"column":3}},"line":11},"1":{"name":"(anonymous_1)","decl":{"start":{"line":15,"column":2},"end":{"line":15,"column":3}},"loc":{"start":{"line":15,"column":42},"end":{"line":21,"column":3}},"line":15},"2":{"name":"(anonymous_2)","decl":{"start":{"line":19,"column":6},"end":{"line":19,"column":7}},"loc":{"start":{"line":19,"column":14},"end":{"line":19,"column":43}},"line":19},"3":{"name":"(anonymous_3)","decl":{"start":{"line":27,"column":2},"end":{"line":27,"column":3}},"loc":{"start":{"line":27,"column":37},"end":{"line":29,"column":3}},"line":27},"4":{"name":"(anonymous_4)","decl":{"start":{"line":31,"column":2},"end":{"line":31,"column":3}},"loc":{"start":{"line":31,"column":27},"end":{"line":39,"column":3}},"line":31}},"branchMap":{},"s":{"0":2,"1":2,"2":1,"3":1,"4":1,"5":1,"6":1,"7":1},"f":{"0":2,"1":1,"2":1,"3":1,"4":1},"b":{},"_coverageSchema":"1a1c01bbd47fc00a2c39e90264f33305004495a9","hash":"6affff3eeb582ac0b07be0f21347246baa79f399"}
,"/Users/eureyuri/Desktop/School/Columbia/CS/ASE/shiba/webapp/src/stores/user-store.ts": {"path":"/Users/eureyuri/Desktop/School/Columbia/CS/ASE/shiba/webapp/src/stores/user-store.ts","statementMap":{"0":{"start":{"line":7,"column":22},"end":{"line":7,"column":26}},"1":{"start":{"line":8,"column":16},"end":{"line":8,"column":21}},"2":{"start":{"line":11,"column":4},"end":{"line":11,"column":29}},"3":{"start":{"line":13,"column":4},"end":{"line":29,"column":7}},"4":{"start":{"line":15,"column":29},"end":{"line":15,"column":31}},"5":{"start":{"line":17,"column":6},"end":{"line":20,"column":17}},"6":{"start":{"line":24,"column":6},"end":{"line":26,"column":7}},"7":{"start":{"line":25,"column":8},"end":{"line":25,"column":72}},"8":{"start":{"line":28,"column":6},"end":{"line":28,"column":30}},"9":{"start":{"line":33,"column":4},"end":{"line":33,"column":34}},"10":{"start":{"line":33,"column":27},"end":{"line":33,"column":34}},"11":{"start":{"line":35,"column":20},"end":{"line":35,"column":62}},"12":{"start":{"line":36,"column":4},"end":{"line":36,"column":48}},"13":{"start":{"line":37,"column":4},"end":{"line":37,"column":33}},"14":{"start":{"line":41,"column":25},"end":{"line":41,"column":40}}},"fnMap":{"0":{"name":"(anonymous_0)","decl":{"start":{"line":10,"column":2},"end":{"line":10,"column":3}},"loc":{"start":{"line":10,"column":16},"end":{"line":30,"column":3}},"line":10},"1":{"name":"(anonymous_1)","decl":{"start":{"line":13,"column":28},"end":{"line":13,"column":29}},"loc":{"start":{"line":13,"column":48},"end":{"line":29,"column":5}},"line":13},"2":{"name":"(anonymous_2)","decl":{"start":{"line":32,"column":2},"end":{"line":32,"column":3}},"loc":{"start":{"line":32,"column":44},"end":{"line":38,"column":3}},"line":32}},"branchMap":{"0":{"loc":{"start":{"line":24,"column":6},"end":{"line":26,"column":7}},"type":"if","locations":[{"start":{"line":24,"column":6},"end":{"line":26,"column":7}},{"start":{"line":24,"column":6},"end":{"line":26,"column":7}}],"line":24},"1":{"loc":{"start":{"line":33,"column":4},"end":{"line":33,"column":34}},"type":"if","locations":[{"start":{"line":33,"column":4},"end":{"line":33,"column":34}},{"start":{"line":33,"column":4},"end":{"line":33,"column":34}}],"line":33}},"s":{"0":5,"1":5,"2":5,"3":5,"4":3,"5":3,"6":3,"7":2,"8":3,"9":1,"10":0,"11":1,"12":1,"13":1,"14":1},"f":{"0":5,"1":3,"2":1},"b":{"0":[2,1],"1":[0,1]},"_coverageSchema":"1a1c01bbd47fc00a2c39e90264f33305004495a9","hash":"bcddaaccaa7b95655041226556eb7eda44ff72c0"}
,"/Users/eureyuri/Desktop/School/Columbia/CS/ASE/shiba/webapp/src/stores/voting-store.ts": {"path":"/Users/eureyuri/Desktop/School/Columbia/CS/ASE/shiba/webapp/src/stores/voting-store.ts","statementMap":{"0":{"start":{"line":9,"column":20},"end":{"line":9,"column":54}},"1":{"start":{"line":12,"column":4},"end":{"line":12,"column":29}},"2":{"start":{"line":16,"column":4},"end":{"line":16,"column":74}},"3":{"start":{"line":16,"column":49},"end":{"line":16,"column":72}},"4":{"start":{"line":21,"column":10},"end":{"line":21,"column":39}},"5":{"start":{"line":22,"column":15},"end":{"line":22,"column":16}},"6":{"start":{"line":23,"column":17},"end":{"line":23,"column":18}},"7":{"start":{"line":26,"column":4},"end":{"line":26,"column":29}},"8":{"start":{"line":30,"column":21},"end":{"line":30,"column":104}},"9":{"start":{"line":31,"column":21},"end":{"line":31,"column":73}},"10":{"start":{"line":32,"column":4},"end":{"line":32,"column":30}},"11":{"start":{"line":36,"column":21},"end":{"line":42,"column":10}},"12":{"start":{"line":44,"column":4},"end":{"line":44,"column":30}},"13":{"start":{"line":45,"column":4},"end":{"line":45,"column":30}},"14":{"start":{"line":49,"column":4},"end":{"line":49,"column":41}},"15":{"start":{"line":50,"column":4},"end":{"line":50,"column":46}},"16":{"start":{"line":52,"column":4},"end":{"line":54,"column":5}},"17":{"start":{"line":53,"column":6},"end":{"line":53,"column":40}},"18":{"start":{"line":58,"column":27},"end":{"line":58,"column":44}}},"fnMap":{"0":{"name":"(anonymous_0)","decl":{"start":{"line":11,"column":2},"end":{"line":11,"column":3}},"loc":{"start":{"line":11,"column":16},"end":{"line":13,"column":3}},"line":11},"1":{"name":"(anonymous_1)","decl":{"start":{"line":15,"column":2},"end":{"line":15,"column":3}},"loc":{"start":{"line":15,"column":36},"end":{"line":17,"column":3}},"line":15},"2":{"name":"(anonymous_2)","decl":{"start":{"line":16,"column":41},"end":{"line":16,"column":42}},"loc":{"start":{"line":16,"column":49},"end":{"line":16,"column":72}},"line":16},"3":{"name":"(anonymous_3)","decl":{"start":{"line":25,"column":2},"end":{"line":25,"column":3}},"loc":{"start":{"line":25,"column":37},"end":{"line":27,"column":3}},"line":25},"4":{"name":"(anonymous_4)","decl":{"start":{"line":29,"column":2},"end":{"line":29,"column":3}},"loc":{"start":{"line":29,"column":22},"end":{"line":33,"column":3}},"line":29},"5":{"name":"(anonymous_5)","decl":{"start":{"line":35,"column":2},"end":{"line":35,"column":3}},"loc":{"start":{"line":35,"column":57},"end":{"line":46,"column":3}},"line":35},"6":{"name":"(anonymous_6)","decl":{"start":{"line":48,"column":2},"end":{"line":48,"column":3}},"loc":{"start":{"line":48,"column":57},"end":{"line":55,"column":3}},"line":48}},"branchMap":{"0":{"loc":{"start":{"line":40,"column":14},"end":{"line":40,"column":39}},"type":"cond-expr","locations":[{"start":{"line":40,"column":33},"end":{"line":40,"column":34}},{"start":{"line":40,"column":37},"end":{"line":40,"column":39}}],"line":40}},"s":{"0":3,"1":3,"2":2,"3":2,"4":2,"5":2,"6":2,"7":2,"8":2,"9":2,"10":2,"11":1,"12":1,"13":1,"14":3,"15":3,"16":3,"17":2,"18":1},"f":{"0":3,"1":2,"2":2,"3":2,"4":2,"5":1,"6":3},"b":{"0":[1,0]},"_coverageSchema":"1a1c01bbd47fc00a2c39e90264f33305004495a9","hash":"c09e30613f2d69b9811e905ca8ea0835a8656e1e"}
}
