TN:
SF:src/App.tsx
FN:8,(anonymous_0)
FN:25,(anonymous_1)
FN:47,(anonymous_2)
FNF:3
FNH:3
FNDA:2,(anonymous_0)
FNDA:2,(anonymous_1)
FNDA:1,(anonymous_2)
DA:8,1
DA:9,2
DA:25,1
DA:26,2
DA:28,2
DA:47,1
LF:6
LH:6
BRF:0
BRH:0
end_of_record
TN:
SF:src/common/config.ts
FNF:0
FNH:0
DA:2,5
LF:1
LH:1
BRDA:2,0,0,5
BRDA:2,0,1,5
BRF:2
BRH:2
end_of_record
TN:
SF:src/common/hooks.ts
FNF:0
FNH:0
LF:0
LH:0
BRF:0
BRH:0
end_of_record
TN:
SF:src/common/utils.ts
FN:9,getOrCreate
FN:24,createDebouncer
FN:26,(anonymous_2)
FN:31,(anonymous_3)
FN:35,(anonymous_4)
FN:36,(anonymous_5)
FNF:6
FNH:6
FNDA:127,getOrCreate
FNDA:2,createDebouncer
FNDA:25,(anonymous_2)
FNDA:2,(anonymous_3)
FNDA:15,(anonymous_4)
FNDA:15,(anonymous_5)
DA:7,16
DA:14,127
DA:15,127
DA:16,104
DA:19,23
DA:20,23
DA:21,23
DA:25,2
DA:26,2
DA:27,25
DA:28,23
DA:31,25
DA:35,16
DA:36,15
LF:14
LH:14
BRDA:15,0,0,104
BRDA:15,0,1,23
BRDA:27,1,0,23
BRDA:27,1,1,2
BRF:4
BRH:4
end_of_record
TN:
SF:src/components/AuthSynchronizer.tsx
FN:9,(anonymous_0)
FNF:1
FNH:1
FNDA:2,(anonymous_0)
DA:9,1
DA:10,2
DA:12,1
LF:3
LH:3
BRDA:10,0,0,1
BRDA:10,0,1,1
BRF:2
BRH:2
end_of_record
TN:
SF:src/components/AvatarList.tsx
FN:18,(anonymous_0)
FN:36,(anonymous_1)
FN:41,(anonymous_2)
FN:51,(anonymous_3)
FNF:4
FNH:4
FNDA:3,(anonymous_0)
FNDA:3,(anonymous_1)
FNDA:4,(anonymous_2)
FNDA:1,(anonymous_3)
DA:18,3
DA:36,2
DA:37,3
DA:39,3
DA:42,4
DA:51,1
LF:6
LH:6
BRDA:45,0,0,0
BRDA:45,0,1,4
BRDA:51,1,0,1
BRDA:51,1,1,1
BRF:4
BRH:3
end_of_record
TN:
SF:src/components/ButtonAdd.tsx
FN:11,(anonymous_0)
FN:17,(anonymous_1)
FNF:2
FNH:2
FNDA:12,(anonymous_0)
FNDA:33,(anonymous_1)
DA:11,12
DA:17,2
DA:18,33
DA:20,33
LF:4
LH:4
BRF:0
BRH:0
end_of_record
TN:
SF:src/components/Card.tsx
FN:8,(anonymous_0)
FN:18,(anonymous_1)
FNF:2
FNH:2
FNDA:5,(anonymous_0)
FNDA:13,(anonymous_1)
DA:8,5
DA:18,4
DA:19,13
DA:20,13
LF:4
LH:4
BRDA:22,0,0,13
BRDA:22,0,1,8
BRF:2
BRH:2
end_of_record
TN:
SF:src/components/EditInput.tsx
FN:14,(anonymous_0)
FN:19,(anonymous_1)
FN:28,(anonymous_2)
FN:45,(anonymous_3)
FNF:4
FNH:4
FNDA:16,(anonymous_0)
FNDA:1,(anonymous_1)
FNDA:9,(anonymous_2)
FNDA:1,(anonymous_3)
DA:14,3
DA:15,16
DA:16,16
DA:18,16
DA:19,10
DA:20,1
DA:21,1
DA:24,10
DA:28,9
DA:39,6
DA:45,1
LF:11
LH:11
BRDA:18,0,0,10
BRDA:18,0,1,6
BRF:2
BRH:2
end_of_record
TN:
SF:src/components/Footer.tsx
FN:19,(anonymous_0)
FN:21,(anonymous_1)
FN:25,(anonymous_2)
FNF:3
FNH:3
FNDA:5,(anonymous_0)
FNDA:12,(anonymous_1)
FNDA:1,(anonymous_2)
DA:13,2
DA:19,2
DA:20,5
DA:21,12
DA:22,5
DA:26,1
LF:6
LH:6
BRF:0
BRH:0
end_of_record
TN:
SF:src/components/Header.tsx
FN:19,(anonymous_0)
FN:45,(anonymous_1)
FN:54,(anonymous_2)
FNF:3
FNH:3
FNDA:20,(anonymous_0)
FNDA:56,(anonymous_1)
FNDA:1,(anonymous_2)
DA:19,20
DA:45,8
DA:46,56
DA:47,56
DA:54,1
LF:5
LH:5
BRDA:50,0,0,56
BRDA:50,0,1,43
BRF:2
BRH:2
end_of_record
TN:
SF:src/components/Layout.tsx
FN:15,(anonymous_0)
FN:26,(anonymous_1)
FNF:2
FNH:2
FNDA:1,(anonymous_0)
FNDA:1,(anonymous_1)
DA:15,1
DA:26,1
DA:27,1
DA:29,1
LF:4
LH:4
BRF:0
BRH:0
end_of_record
TN:
SF:src/components/Message.tsx
FN:4,(anonymous_0)
FN:14,(anonymous_1)
FNF:2
FNH:2
FNDA:8,(anonymous_0)
FNDA:8,(anonymous_1)
DA:4,8
DA:14,3
DA:15,8
DA:16,8
LF:4
LH:4
BRF:0
BRH:0
end_of_record
TN:
SF:src/components/ShibaLogo.tsx
FN:4,(anonymous_0)
FN:10,(anonymous_1)
FNF:2
FNH:2
FNDA:9,(anonymous_0)
FNDA:15,(anonymous_1)
DA:4,9
DA:10,4
DA:11,15
DA:13,15
LF:4
LH:4
BRF:0
BRH:0
end_of_record
TN:
SF:src/components/VotingButton.tsx
FN:12,(anonymous_0)
FN:47,(anonymous_1)
FNF:2
FNH:2
FNDA:14,(anonymous_0)
FNDA:138,(anonymous_1)
DA:12,14
DA:47,2
DA:48,138
DA:49,138
DA:50,138
DA:51,79
DA:54,138
DA:56,138
LF:8
LH:8
BRDA:50,0,0,79
BRDA:50,0,1,59
BRF:2
BRH:2
end_of_record
TN:
SF:src/domain/group.ts
FNF:0
FNH:0
LF:0
LH:0
BRF:0
BRH:0
end_of_record
TN:
SF:src/domain/message.ts
FN:13,unwrap
FNF:1
FNH:1
FNDA:12,unwrap
DA:14,12
DA:15,1
DA:18,11
LF:3
LH:3
BRDA:14,0,0,1
BRDA:14,0,1,11
BRF:2
BRH:2
end_of_record
TN:
SF:src/domain/statistics.ts
FNF:0
FNH:0
LF:0
LH:0
BRF:0
BRH:0
end_of_record
TN:
SF:src/domain/user.ts
FNF:0
FNH:0
LF:0
LH:0
BRF:0
BRH:0
end_of_record
TN:
SF:src/domain/voting-item.ts
FNF:0
FNH:0
LF:0
LH:0
BRF:0
BRH:0
end_of_record
TN:
SF:src/firebase/config.ts
FNF:0
FNH:0
DA:1,3
LF:1
LH:1
BRF:0
BRH:0
end_of_record
TN:
SF:src/firebase/firebase.utils.ts
FN:5,(anonymous_0)
FN:28,(anonymous_1)
FNF:2
FNH:2
FNDA:3,(anonymous_0)
FNDA:2,(anonymous_1)
DA:5,1
DA:9,3
DA:11,2
DA:12,2
DA:14,2
DA:15,1
DA:16,1
DA:25,2
DA:28,1
DA:29,2
DA:31,2
LF:11
LH:11
BRDA:9,0,0,1
BRDA:9,0,1,2
BRDA:14,1,0,1
BRDA:14,1,1,1
BRF:4
BRH:4
end_of_record
TN:
SF:src/firebase/index.ts
FNF:0
FNH:0
DA:6,3
DA:8,3
DA:9,3
LF:3
LH:3
BRF:0
BRH:0
end_of_record
TN:
SF:src/pages/AddItems/index.tsx
FN:23,(anonymous_0)
FN:60,(anonymous_1)
FN:71,(anonymous_2)
FN:73,(anonymous_3)
FN:86,(anonymous_4)
FN:88,(anonymous_5)
FN:91,(anonymous_6)
FN:109,(anonymous_7)
FN:120,(anonymous_8)
FN:133,(anonymous_9)
FNF:10
FNH:10
FNDA:3,(anonymous_0)
FNDA:22,(anonymous_1)
FNDA:3,(anonymous_2)
FNDA:3,(anonymous_3)
FNDA:15,(anonymous_4)
FNDA:1,(anonymous_5)
FNDA:1,(anonymous_6)
FNDA:15,(anonymous_7)
FNDA:21,(anonymous_8)
FNDA:1,(anonymous_9)
DA:23,3
DA:58,1
DA:60,1
DA:61,22
DA:62,22
DA:63,22
DA:65,22
DA:66,22
DA:67,22
DA:68,22
DA:71,22
DA:72,3
DA:73,3
DA:74,3
DA:75,3
DA:79,3
DA:81,3
DA:84,22
DA:86,21
DA:87,15
DA:88,15
DA:91,21
DA:92,1
DA:93,0
DA:96,21
DA:98,21
DA:109,15
DA:121,21
DA:133,1
LF:29
LH:28
BRDA:72,0,0,3
BRDA:72,0,1,0
BRDA:84,1,0,1
BRDA:84,1,1,21
BRDA:130,2,0,0
BRDA:130,2,1,21
BRF:6
BRH:4
end_of_record
TN:
SF:src/pages/Authentication/index.tsx
FN:26,(anonymous_0)
FN:27,(anonymous_1)
FNF:2
FNH:2
FNDA:2,(anonymous_0)
FNDA:2,(anonymous_1)
DA:14,1
DA:26,1
DA:27,2
DA:28,2
DA:29,2
DA:30,1
DA:34,2
LF:7
LH:7
BRDA:29,0,0,1
BRDA:29,0,1,1
BRDA:29,1,0,2
BRDA:29,1,1,1
BRF:4
BRH:4
end_of_record
TN:
SF:src/pages/Invitation/index.tsx
FN:18,(anonymous_0)
FN:36,(anonymous_1)
FN:41,(anonymous_2)
FN:47,(anonymous_3)
FN:52,(anonymous_4)
FNF:5
FNH:3
FNDA:1,(anonymous_0)
FNDA:2,(anonymous_1)
FNDA:1,(anonymous_2)
FNDA:0,(anonymous_3)
FNDA:0,(anonymous_4)
DA:18,1
DA:36,1
DA:37,2
DA:38,2
DA:39,2
DA:41,2
DA:42,1
DA:45,2
DA:47,1
DA:48,0
DA:49,0
DA:52,1
DA:53,0
DA:56,1
LF:14
LH:11
BRDA:45,0,0,1
BRDA:45,0,1,1
BRF:2
BRH:2
end_of_record
TN:
SF:src/pages/RoomList/index.tsx
FN:26,(anonymous_0)
FN:37,(anonymous_1)
FN:51,(anonymous_2)
FN:67,(anonymous_3)
FN:94,(anonymous_4)
FN:97,(anonymous_5)
FN:98,(anonymous_6)
FN:103,(anonymous_7)
FN:111,(anonymous_8)
FN:116,(anonymous_9)
FN:128,(anonymous_10)
FN:131,(anonymous_11)
FN:139,(anonymous_12)
FN:150,(anonymous_13)
FN:155,(anonymous_14)
FN:156,(anonymous_15)
FNF:16
FNH:16
FNDA:4,(anonymous_0)
FNDA:24,(anonymous_1)
FNDA:1,(anonymous_2)
FNDA:14,(anonymous_3)
FNDA:16,(anonymous_4)
FNDA:48,(anonymous_5)
FNDA:48,(anonymous_6)
FNDA:10,(anonymous_7)
FNDA:16,(anonymous_8)
FNDA:1,(anonymous_9)
FNDA:8,(anonymous_10)
FNDA:3,(anonymous_11)
FNDA:1,(anonymous_12)
FNDA:1,(anonymous_13)
FNDA:2,(anonymous_14)
FNDA:1,(anonymous_15)
DA:26,4
DA:37,1
DA:38,24
DA:40,24
DA:52,1
DA:53,1
DA:54,1
DA:55,1
DA:67,14
DA:94,1
DA:95,16
DA:97,48
DA:98,48
DA:100,16
DA:103,1
DA:104,10
DA:105,10
DA:106,2
DA:109,8
DA:112,16
DA:116,1
DA:128,1
DA:129,8
DA:131,8
DA:132,3
DA:135,8
DA:139,1
DA:150,1
DA:155,1
DA:156,2
DA:157,1
DA:160,2
DA:173,1
LF:33
LH:33
BRDA:105,0,0,2
BRDA:105,0,1,8
BRF:2
BRH:2
end_of_record
TN:
SF:src/pages/RoomProfile/index.tsx
FN:27,(anonymous_0)
FN:47,(anonymous_1)
FN:52,(anonymous_2)
FN:53,(anonymous_3)
FN:59,(anonymous_4)
FN:69,(anonymous_5)
FN:72,(anonymous_6)
FN:75,(anonymous_7)
FN:85,(anonymous_8)
FN:88,(anonymous_9)
FN:121,(anonymous_10)
FN:126,(anonymous_11)
FN:144,(anonymous_12)
FN:160,(anonymous_13)
FN:161,(anonymous_14)
FN:168,(anonymous_15)
FN:173,(anonymous_16)
FN:192,(anonymous_17)
FN:195,(anonymous_18)
FN:202,(anonymous_19)
FN:211,(anonymous_20)
FN:223,(anonymous_21)
FNF:22
FNH:15
FNDA:1,(anonymous_0)
FNDA:2,(anonymous_1)
FNDA:4,(anonymous_2)
FNDA:2,(anonymous_3)
FNDA:1,(anonymous_4)
FNDA:1,(anonymous_5)
FNDA:0,(anonymous_6)
FNDA:1,(anonymous_7)
FNDA:1,(anonymous_8)
FNDA:0,(anonymous_9)
FNDA:7,(anonymous_10)
FNDA:4,(anonymous_11)
FNDA:2,(anonymous_12)
FNDA:1,(anonymous_13)
FNDA:1,(anonymous_14)
FNDA:2,(anonymous_15)
FNDA:1,(anonymous_16)
FNDA:0,(anonymous_17)
FNDA:0,(anonymous_18)
FNDA:0,(anonymous_19)
FNDA:0,(anonymous_20)
FNDA:0,(anonymous_21)
DA:27,1
DA:47,1
DA:48,2
DA:50,2
DA:52,2
DA:53,4
DA:54,2
DA:55,2
DA:59,2
DA:60,1
DA:61,1
DA:63,1
DA:70,1
DA:72,0
DA:75,2
DA:76,1
DA:77,1
DA:79,1
DA:86,1
DA:88,0
DA:91,2
DA:121,1
DA:122,7
DA:126,7
DA:131,4
DA:135,2
DA:138,2
DA:144,7
DA:145,2
DA:148,7
DA:160,1
DA:161,1
DA:168,1
DA:169,2
DA:170,2
DA:171,2
DA:173,2
DA:174,1
DA:177,2
DA:179,1
DA:184,1
DA:193,0
DA:195,0
DA:202,0
DA:211,0
DA:223,0
DA:235,1
LF:47
LH:40
BRDA:55,0,0,2
BRDA:55,0,1,2
BRDA:61,1,0,0
BRDA:61,1,1,1
BRDA:77,2,0,0
BRDA:77,2,1,1
BRDA:131,3,0,2
BRDA:131,3,1,2
BRDA:132,4,0,4
BRDA:132,4,1,3
BRDA:155,5,0,7
BRDA:155,5,1,2
BRDA:177,6,0,1
BRDA:177,6,1,1
BRDA:177,7,0,2
BRDA:177,7,1,1
BRDA:218,8,0,1
BRDA:218,8,1,1
BRDA:218,8,2,1
BRF:19
BRH:17
end_of_record
TN:
SF:src/pages/Statistics/index.tsx
FN:16,(anonymous_0)
FN:33,(anonymous_1)
FN:55,(anonymous_2)
FN:62,(anonymous_3)
FN:74,(anonymous_4)
FN:75,(anonymous_5)
FN:88,(anonymous_6)
FNF:7
FNH:5
FNDA:1,(anonymous_0)
FNDA:1,(anonymous_1)
FNDA:2,(anonymous_2)
FNDA:1,(anonymous_3)
FNDA:0,(anonymous_4)
FNDA:1,(anonymous_5)
FNDA:0,(anonymous_6)
DA:16,1
DA:33,1
DA:55,1
DA:56,2
DA:57,2
DA:58,2
DA:59,2
DA:60,2
DA:62,2
DA:63,1
DA:64,1
DA:67,2
DA:74,0
DA:76,1
DA:77,1
DA:78,1
DA:81,1
DA:83,1
DA:88,0
LF:19
LH:17
BRDA:23,0,0,1
BRDA:23,0,1,0
BRDA:77,1,0,1
BRDA:77,1,1,0
BRDA:77,2,0,1
BRDA:77,2,1,1
BRDA:96,3,0,1
BRDA:96,3,1,1
BRF:8
BRH:6
end_of_record
TN:
SF:src/pages/UserProfile/index.tsx
FN:16,(anonymous_0)
FN:32,(anonymous_1)
FN:36,(anonymous_2)
FN:40,(anonymous_3)
FNF:4
FNH:3
FNDA:2,(anonymous_0)
FNDA:2,(anonymous_1)
FNDA:0,(anonymous_2)
FNDA:1,(anonymous_3)
DA:16,2
DA:32,1
DA:33,2
DA:34,2
DA:36,2
DA:37,0
DA:40,2
DA:41,1
DA:42,1
DA:43,1
DA:46,2
LF:11
LH:10
BRDA:34,0,0,0
BRDA:34,0,1,2
BRF:2
BRH:1
end_of_record
TN:
SF:src/pages/Voting/index.tsx
FN:32,(anonymous_0)
FN:74,(anonymous_1)
FN:77,(anonymous_2)
FN:85,(anonymous_3)
FN:89,(anonymous_4)
FN:99,(anonymous_5)
FN:113,(anonymous_6)
FN:142,(anonymous_7)
FN:158,(anonymous_8)
FN:177,(anonymous_9)
FN:180,(anonymous_10)
FN:209,(anonymous_11)
FN:215,(anonymous_12)
FN:232,(anonymous_13)
FN:277,(anonymous_14)
FN:278,(anonymous_15)
FN:315,(anonymous_16)
FN:320,(anonymous_17)
FN:333,(anonymous_18)
FN:340,(anonymous_19)
FN:347,(anonymous_20)
FN:352,(anonymous_21)
FN:358,(anonymous_22)
FN:364,(anonymous_23)
FN:372,(anonymous_24)
FN:383,(anonymous_25)
FN:384,(anonymous_26)
FN:391,(anonymous_27)
FN:393,(anonymous_28)
FNF:29
FNH:25
FNDA:9,(anonymous_0)
FNDA:23,(anonymous_1)
FNDA:5,(anonymous_2)
FNDA:33,(anonymous_3)
FNDA:5,(anonymous_4)
FNDA:1,(anonymous_5)
FNDA:11,(anonymous_6)
FNDA:11,(anonymous_7)
FNDA:28,(anonymous_8)
FNDA:12,(anonymous_9)
FNDA:2,(anonymous_10)
FNDA:1,(anonymous_11)
FNDA:1,(anonymous_12)
FNDA:16,(anonymous_13)
FNDA:6,(anonymous_14)
FNDA:6,(anonymous_15)
FNDA:1,(anonymous_16)
FNDA:1,(anonymous_17)
FNDA:18,(anonymous_18)
FNDA:6,(anonymous_19)
FNDA:14,(anonymous_20)
FNDA:0,(anonymous_21)
FNDA:1,(anonymous_22)
FNDA:0,(anonymous_23)
FNDA:1,(anonymous_24)
FNDA:10,(anonymous_25)
FNDA:8,(anonymous_26)
FNDA:0,(anonymous_27)
FNDA:0,(anonymous_28)
DA:32,9
DA:74,1
DA:75,23
DA:76,23
DA:77,23
DA:78,5
DA:79,4
DA:80,4
DA:83,23
DA:86,33
DA:89,5
DA:100,1
DA:113,11
DA:142,11
DA:158,1
DA:159,28
DA:161,28
DA:177,1
DA:178,12
DA:180,12
DA:181,2
DA:184,12
DA:186,12
DA:188,12
DA:209,1
DA:215,1
DA:232,1
DA:233,16
DA:234,16
DA:236,16
DA:237,16
DA:238,2
DA:257,14
DA:258,4
DA:260,4
DA:277,10
DA:278,6
DA:279,6
DA:280,6
DA:281,6
DA:282,2
DA:285,6
DA:286,2
DA:289,6
DA:293,10
DA:298,10
DA:315,1
DA:320,1
DA:333,1
DA:334,18
DA:335,18
DA:336,18
DA:337,18
DA:340,18
DA:341,6
DA:342,6
DA:343,6
DA:347,18
DA:348,14
DA:349,13
DA:352,1
DA:353,0
DA:354,0
DA:355,0
DA:358,1
DA:361,18
DA:362,18
DA:364,17
DA:366,17
DA:372,1
DA:383,10
DA:384,8
DA:391,0
DA:393,0
DA:400,1
LF:75
LH:70
BRDA:78,0,0,1
BRDA:78,0,1,4
BRDA:78,1,0,5
BRDA:78,1,1,3
BRDA:80,2,0,4
BRDA:80,2,1,4
BRDA:181,3,0,1
BRDA:181,3,1,1
BRDA:186,4,0,9
BRDA:186,4,1,3
BRDA:191,5,0,9
BRDA:191,5,1,3
BRDA:195,6,0,1
BRDA:195,6,1,2
BRDA:209,7,0,1
BRDA:209,7,1,1
BRDA:212,8,0,12
BRDA:212,8,1,9
BRDA:215,9,0,1
BRDA:215,9,1,1
BRDA:218,10,0,12
BRDA:218,10,1,9
BRDA:237,11,0,2
BRDA:237,11,1,14
BRDA:257,12,0,4
BRDA:257,12,1,10
BRDA:279,13,0,3
BRDA:279,13,1,3
BRDA:281,14,0,2
BRDA:281,14,1,4
BRDA:285,15,0,2
BRDA:285,15,1,4
BRDA:348,16,0,13
BRDA:348,16,1,1
BRDA:348,17,0,14
BRDA:348,17,1,1
BRDA:362,18,0,1
BRDA:362,18,1,17
BRDA:380,19,0,8
BRDA:380,19,1,9
BRF:40
BRH:40
end_of_record
TN:
SF:src/stores/group-store.ts
FN:13,(anonymous_0)
FN:17,(anonymous_1)
FN:27,(anonymous_2)
FN:37,(anonymous_3)
FN:45,(anonymous_4)
FN:49,(anonymous_5)
FN:57,(anonymous_6)
FN:61,(anonymous_7)
FN:68,(anonymous_8)
FN:76,(anonymous_9)
FN:81,(anonymous_10)
FN:89,(anonymous_11)
FN:97,(anonymous_12)
FNF:13
FNH:13
FNDA:10,(anonymous_0)
FNDA:2,(anonymous_1)
FNDA:1,(anonymous_2)
FNDA:1,(anonymous_3)
FNDA:6,(anonymous_4)
FNDA:6,(anonymous_5)
FNDA:6,(anonymous_6)
FNDA:6,(anonymous_7)
FNDA:1,(anonymous_8)
FNDA:1,(anonymous_9)
FNDA:1,(anonymous_10)
FNDA:1,(anonymous_11)
FNDA:1,(anonymous_12)
DA:9,10
DA:10,10
DA:11,10
DA:14,10
DA:18,2
DA:28,1
DA:38,1
DA:42,1
DA:46,6
DA:49,6
DA:55,6
DA:58,6
DA:62,6
DA:69,1
DA:73,1
DA:77,1
DA:78,1
DA:82,1
DA:86,1
DA:90,1
DA:94,1
DA:98,1
DA:102,1
DA:106,1
LF:24
LH:24
BRF:0
BRH:0
end_of_record
TN:
SF:src/stores/item-store.ts
FN:14,(anonymous_0)
FN:18,(anonymous_1)
FN:19,(anonymous_2)
FN:28,(anonymous_3)
FN:32,(anonymous_4)
FN:38,(anonymous_5)
FN:63,(anonymous_6)
FN:69,(anonymous_7)
FN:76,(anonymous_8)
FNF:9
FNH:9
FNDA:5,(anonymous_0)
FNDA:4,(anonymous_1)
FNDA:4,(anonymous_2)
FNDA:4,(anonymous_3)
FNDA:3,(anonymous_4)
FNDA:3,(anonymous_5)
FNDA:2,(anonymous_6)
FNDA:1,(anonymous_7)
FNDA:2,(anonymous_8)
DA:12,5
DA:15,5
DA:19,4
DA:24,4
DA:25,4
DA:26,4
DA:29,4
DA:34,3
DA:35,3
DA:43,3
DA:45,3
DA:46,3
DA:49,3
DA:50,3
DA:51,1
DA:52,1
DA:54,2
DA:57,3
DA:58,3
DA:59,1
DA:62,2
DA:64,2
DA:70,1
DA:77,2
DA:78,2
DA:79,2
DA:80,1
DA:83,1
DA:87,1
LF:29
LH:29
BRDA:34,0,0,2
BRDA:34,0,1,1
BRDA:45,1,0,1
BRDA:45,1,1,2
BRDA:49,2,0,2
BRDA:49,2,1,1
BRDA:50,3,0,1
BRDA:50,3,1,2
BRDA:50,4,0,3
BRDA:50,4,1,1
BRDA:58,5,0,1
BRDA:58,5,1,2
BRDA:64,6,0,2
BRDA:64,6,1,1
BRDA:79,7,0,1
BRDA:79,7,1,1
BRDA:79,8,0,2
BRDA:79,8,1,1
BRF:18
BRH:18
end_of_record
TN:
SF:src/stores/statistics-store.ts
FN:11,(anonymous_0)
FN:15,(anonymous_1)
FN:19,(anonymous_2)
FN:27,(anonymous_3)
FN:31,(anonymous_4)
FNF:5
FNH:5
FNDA:2,(anonymous_0)
FNDA:1,(anonymous_1)
FNDA:1,(anonymous_2)
FNDA:1,(anonymous_3)
FNDA:1,(anonymous_4)
DA:9,2
DA:12,2
DA:16,1
DA:19,1
DA:25,1
DA:28,1
DA:32,1
DA:42,1
LF:8
LH:8
BRF:0
BRH:0
end_of_record
TN:
SF:src/stores/user-store.ts
FN:10,(anonymous_0)
FN:13,(anonymous_1)
FN:32,(anonymous_2)
FNF:3
FNH:3
FNDA:5,(anonymous_0)
FNDA:3,(anonymous_1)
FNDA:1,(anonymous_2)
DA:7,5
DA:8,5
DA:11,5
DA:13,5
DA:15,3
DA:17,3
DA:24,3
DA:25,2
DA:28,3
DA:33,1
DA:35,1
DA:36,1
DA:37,1
DA:41,1
LF:14
LH:14
BRDA:24,0,0,2
BRDA:24,0,1,1
BRDA:33,1,0,0
BRDA:33,1,1,1
BRF:4
BRH:3
end_of_record
TN:
SF:src/stores/voting-store.ts
FN:11,(anonymous_0)
FN:15,(anonymous_1)
FN:16,(anonymous_2)
FN:25,(anonymous_3)
FN:29,(anonymous_4)
FN:35,(anonymous_5)
FN:48,(anonymous_6)
FNF:7
FNH:7
FNDA:3,(anonymous_0)
FNDA:2,(anonymous_1)
FNDA:2,(anonymous_2)
FNDA:2,(anonymous_3)
FNDA:2,(anonymous_4)
FNDA:1,(anonymous_5)
FNDA:3,(anonymous_6)
DA:9,3
DA:12,3
DA:16,2
DA:21,2
DA:22,2
DA:23,2
DA:26,2
DA:30,2
DA:31,2
DA:32,2
DA:36,1
DA:44,1
DA:45,1
DA:49,3
DA:50,3
DA:52,3
DA:53,2
DA:58,1
LF:18
LH:18
BRDA:40,0,0,1
BRDA:40,0,1,0
BRF:2
BRH:1
end_of_record
